#
# There is insufficient memory for the Java Runtime Environment to continue.
# Native memory allocation (malloc) failed to allocate 1084176 bytes. Error detail: Chunk::new
# Possible reasons:
#   The system is out of physical RAM or swap space
#   This process is running with CompressedOops enabled, and the Java Heap may be blocking the growth of the native heap
# Possible solutions:
#   Reduce memory load on the system
#   Increase physical memory or swap space
#   Check if swap backing store is full
#   Decrease Java heap size (-Xmx/-Xms)
#   Decrease number of Java threads
#   Decrease Java thread stack sizes (-Xss)
#   Set larger code cache with -XX:ReservedCodeCacheSize=
#   JVM is running with Unscaled Compressed Oops mode in which the Java heap is
#     placed in the first 4GB address space. The Java Heap base address is the
#     maximum limit for the native heap growth. Please use -XX:HeapBaseMinAddress
#     to set the Java Heap base and to place the Java Heap above 4GB virtual address.
# This output file may be truncated or incomplete.
#
#  Out of Memory Error (arena.cpp:168), pid=20820, tid=13656
#
# JRE version: OpenJDK Runtime Environment Temurin-21.0.7+6 (21.0.7+6) (build 21.0.7+6-LTS)
# Java VM: OpenJDK 64-Bit Server VM Temurin-21.0.7+6 (21.0.7+6-LTS, mixed mode, sharing, tiered, compressed oops, compressed class ptrs, parallel gc, windows-amd64)
# No core dump will be written. Minidumps are not enabled by default on client versions of Windows
#

---------------  S U M M A R Y ------------

Command Line: --add-modules=ALL-SYSTEM --add-opens=java.base/java.util=ALL-UNNAMED --add-opens=java.base/java.lang=ALL-UNNAMED --add-opens=java.base/sun.nio.fs=ALL-UNNAMED -Declipse.application=org.eclipse.jdt.ls.core.id1 -Dosgi.bundles.defaultStartLevel=4 -Declipse.product=org.eclipse.jdt.ls.core.product -Djava.import.generatesMetadataFilesAtProjectRoot=false -DDetectVMInstallationsJob.disabled=true -Dfile.encoding=utf8 -XX:+UseParallelGC -XX:GCTimeRatio=4 -XX:AdaptiveSizePolicyWeight=90 -Dsun.zip.disableMemoryMapping=true -Xmx2G -Xms100m -Xlog:disable -javaagent:c:\Users\john regienald\.vscode\extensions\redhat.java-1.43.0-win32-x64\lombok\lombok-1.18.39-4050.jar -XX:+HeapDumpOnOutOfMemoryError -XX:HeapDumpPath=c:\Users\john regienald\AppData\Roaming\Code\User\workspaceStorage\05ca6781f81e53cf2cab759ba25f8483\redhat.java -Daether.dependencyCollector.impl=bf c:\Users\john regienald\.vscode\extensions\redhat.java-1.43.0-win32-x64\server\plugins\org.eclipse.equinox.launcher_1.7.0.v20250519-0528.jar -configuration c:\Users\john regienald\AppData\Roaming\Code\User\globalStorage\redhat.java\1.43.0\config_win -data c:\Users\john regienald\AppData\Roaming\Code\User\workspaceStorage\05ca6781f81e53cf2cab759ba25f8483\redhat.java\jdt_ws --pipe=\\.\pipe\lsp-e549a845d3179a0a789d5562f93a9994-sock

Host: 11th Gen Intel(R) Core(TM) i3-1115G4 @ 3.00GHz, 4 cores, 7G,  Windows 11 , 64 bit Build 22621 (10.0.22621.5413)
Time: Sat Jun 28 21:33:57 2025 Taipei Standard Time elapsed time: 100831.986128 seconds (1d 4h 0m 31s)

---------------  T H R E A D  ---------------

Current thread (0x000001e2fed44950):  JavaThread "C2 CompilerThread0" daemon [_thread_in_native, id=13656, stack(0x000000ba39a00000,0x000000ba39b00000) (1024K)]


Current CompileTask:
C2:100831986 20443   !   4       lombok.launch.PatchFixesHider$PatchFixes::isGenerated (57 bytes)

Stack: [0x000000ba39a00000,0x000000ba39b00000]
Native frames: (J=compiled Java code, j=interpreted, Vv=VM code, C=native code)
V  [jvm.dll+0x6ce119]
V  [jvm.dll+0x8a84a1]
V  [jvm.dll+0x8aa9ce]
V  [jvm.dll+0x8ab0b3]
V  [jvm.dll+0x27f8a6]
V  [jvm.dll+0xc507d]
V  [jvm.dll+0xc55b3]
V  [jvm.dll+0x3b692c]
V  [jvm.dll+0x382aa5]
V  [jvm.dll+0x381f0a]
V  [jvm.dll+0x247af0]
V  [jvm.dll+0x2470cf]
V  [jvm.dll+0x1c760e]
V  [jvm.dll+0x25695a]
V  [jvm.dll+0x254efa]
V  [jvm.dll+0x3f03f6]
V  [jvm.dll+0x851f6b]
V  [jvm.dll+0x6cc7dd]
C  [ucrtbase.dll+0x29333]
C  [KERNEL32.DLL+0x1259d]
C  [ntdll.dll+0x5af78]


---------------  P R O C E S S  ---------------

Threads class SMR info:
_java_thread_list=0x000001e2d52fb670, length=40, elements={
0x000001e2f735c120, 0x000001e2fed39900, 0x000001e2fed3c4a0, 0x000001e2fed3e490,
0x000001e2fed3f3a0, 0x000001e2fed420c0, 0x000001e2fed43b20, 0x000001e2fed44950,
0x000001e2fedb5f00, 0x000001e2ffa02850, 0x000001e2ffb87500, 0x000001e2d479b3d0,
0x000001e2d407cf40, 0x000001e2d475d6b0, 0x000001e2d475e360, 0x000001e2d4061330,
0x000001e2fed7b2d0, 0x000001e2ffd558b0, 0x000001e2ffd572f0, 0x000001e2ffd58010,
0x000001e2d506ba60, 0x000001e2d5069300, 0x000001e2d506ad40, 0x000001e2d506e1c0,
0x000001e2d5068c70, 0x000001e2d5069990, 0x000001e2d506c0f0, 0x000001e2d506a020,
0x000001e2d506c780, 0x000001e2d506db30, 0x000001e2d506e850, 0x000001e2d506a6b0,
0x000001e2d6562630, 0x000001e2ffd54b90, 0x000001e2ffd57980, 0x000001e2ffd565d0,
0x000001e2d62c8620, 0x000001e2d62ce200, 0x000001e2d62ce890, 0x000001e2d62ca060
}

Java Threads: ( => current thread )
  0x000001e2f735c120 JavaThread "main"                              [_thread_blocked, id=17880, stack(0x000000ba39000000,0x000000ba39100000) (1024K)]
  0x000001e2fed39900 JavaThread "Reference Handler"          daemon [_thread_blocked, id=1456, stack(0x000000ba39400000,0x000000ba39500000) (1024K)]
  0x000001e2fed3c4a0 JavaThread "Finalizer"                  daemon [_thread_blocked, id=11204, stack(0x000000ba39500000,0x000000ba39600000) (1024K)]
  0x000001e2fed3e490 JavaThread "Signal Dispatcher"          daemon [_thread_blocked, id=1728, stack(0x000000ba39600000,0x000000ba39700000) (1024K)]
  0x000001e2fed3f3a0 JavaThread "Attach Listener"            daemon [_thread_blocked, id=19316, stack(0x000000ba39700000,0x000000ba39800000) (1024K)]
  0x000001e2fed420c0 JavaThread "Service Thread"             daemon [_thread_blocked, id=20092, stack(0x000000ba39800000,0x000000ba39900000) (1024K)]
  0x000001e2fed43b20 JavaThread "Monitor Deflation Thread"   daemon [_thread_blocked, id=3388, stack(0x000000ba39900000,0x000000ba39a00000) (1024K)]
=>0x000001e2fed44950 JavaThread "C2 CompilerThread0"         daemon [_thread_in_native, id=13656, stack(0x000000ba39a00000,0x000000ba39b00000) (1024K)]
  0x000001e2fedb5f00 JavaThread "C1 CompilerThread0"         daemon [_thread_blocked, id=12920, stack(0x000000ba39b00000,0x000000ba39c00000) (1024K)]
  0x000001e2ffa02850 JavaThread "Common-Cleaner"             daemon [_thread_blocked, id=7144, stack(0x000000ba39c00000,0x000000ba39d00000) (1024K)]
  0x000001e2ffb87500 JavaThread "Notification Thread"        daemon [_thread_blocked, id=16728, stack(0x000000ba39e00000,0x000000ba39f00000) (1024K)]
  0x000001e2d479b3d0 JavaThread "Active Thread: Equinox Container: ce1b983f-bbd1-4bb0-a5c8-02f08f5cec15"        [_thread_blocked, id=19996, stack(0x000000ba39d00000,0x000000ba39e00000) (1024K)]
  0x000001e2d407cf40 JavaThread "Refresh Thread: Equinox Container: ce1b983f-bbd1-4bb0-a5c8-02f08f5cec15" daemon [_thread_blocked, id=18996, stack(0x000000ba3a200000,0x000000ba3a300000) (1024K)]
  0x000001e2d475d6b0 JavaThread "Framework Event Dispatcher: Equinox Container: ce1b983f-bbd1-4bb0-a5c8-02f08f5cec15" daemon [_thread_blocked, id=4848, stack(0x000000ba3a300000,0x000000ba3a400000) (1024K)]
  0x000001e2d475e360 JavaThread "Start Level: Equinox Container: ce1b983f-bbd1-4bb0-a5c8-02f08f5cec15" daemon [_thread_blocked, id=6220, stack(0x000000ba3a400000,0x000000ba3a500000) (1024K)]
  0x000001e2d4061330 JavaThread "Bundle File Closer"         daemon [_thread_blocked, id=11836, stack(0x000000ba3a600000,0x000000ba3a700000) (1024K)]
  0x000001e2fed7b2d0 JavaThread "SCR Component Actor"        daemon [_thread_blocked, id=16716, stack(0x000000ba3a500000,0x000000ba3a600000) (1024K)]
  0x000001e2ffd558b0 JavaThread "Worker-JM"                         [_thread_blocked, id=19344, stack(0x000000ba3a900000,0x000000ba3aa00000) (1024K)]
  0x000001e2ffd572f0 JavaThread "JNA Cleaner"                daemon [_thread_blocked, id=7212, stack(0x000000ba3a700000,0x000000ba3a800000) (1024K)]
  0x000001e2ffd58010 JavaThread "Java indexing"              daemon [_thread_blocked, id=21124, stack(0x000000ba3ae00000,0x000000ba3af00000) (1024K)]
  0x000001e2d506ba60 JavaThread "Thread-3"                   daemon [_thread_in_native, id=9356, stack(0x000000ba3b100000,0x000000ba3b200000) (1024K)]
  0x000001e2d5069300 JavaThread "Thread-4"                   daemon [_thread_in_native, id=14296, stack(0x000000ba3b200000,0x000000ba3b300000) (1024K)]
  0x000001e2d506ad40 JavaThread "Thread-5"                   daemon [_thread_in_native, id=5172, stack(0x000000ba3b300000,0x000000ba3b400000) (1024K)]
  0x000001e2d506e1c0 JavaThread "Thread-6"                   daemon [_thread_in_native, id=2652, stack(0x000000ba3b400000,0x000000ba3b500000) (1024K)]
  0x000001e2d5068c70 JavaThread "Thread-7"                   daemon [_thread_in_native, id=20876, stack(0x000000ba3b500000,0x000000ba3b600000) (1024K)]
  0x000001e2d5069990 JavaThread "pool-2-thread-1"                   [_thread_blocked, id=11572, stack(0x000000ba3b600000,0x000000ba3b700000) (1024K)]
  0x000001e2d506c0f0 JavaThread "WorkspaceEventsHandler"            [_thread_blocked, id=14548, stack(0x000000ba3b700000,0x000000ba3b800000) (1024K)]
  0x000001e2d506a020 JavaThread "pool-1-thread-1"                   [_thread_blocked, id=19844, stack(0x000000ba3b800000,0x000000ba3b900000) (1024K)]
  0x000001e2d506c780 JavaThread "Java Debug Server"          daemon [_thread_in_native, id=15268, stack(0x000000ba3b900000,0x000000ba3ba00000) (1024K)]
  0x000001e2d506db30 JavaThread "RxSchedulerPurge-1"         daemon [_thread_blocked, id=16024, stack(0x000000ba3bb00000,0x000000ba3bc00000) (1024K)]
  0x000001e2d506e850 JavaThread "RxCachedWorkerPoolEvictor-1" daemon [_thread_blocked, id=12648, stack(0x000000ba3bc00000,0x000000ba3bd00000) (1024K)]
  0x000001e2d506a6b0 JavaThread "Worker-39"                         [_thread_blocked, id=21612, stack(0x000000ba3a800000,0x000000ba3a900000) (1024K)]
  0x000001e2d6562630 JavaThread "Cleaner-0"                  daemon [_thread_blocked, id=7392, stack(0x000000ba3ba00000,0x000000ba3bb00000) (1024K)]
  0x000001e2ffd54b90 JavaThread "pool-5-thread-3"                   [_thread_in_native, id=13792, stack(0x000000ba38e00000,0x000000ba38f00000) (1024K)]
  0x000001e2ffd57980 JavaThread "RxNewThreadScheduler-7"     daemon [_thread_blocked, id=17576, stack(0x000000ba38f00000,0x000000ba39000000) (1024K)]
  0x000001e2ffd565d0 JavaThread "process reaper (pid 7880)"  daemon [_thread_in_native, id=22372, stack(0x000000ba38b50000,0x000000ba38b70000) (128K)]
  0x000001e2d62c8620 JavaThread "Worker-43"                         [_thread_blocked, id=13784, stack(0x000000ba3ac00000,0x000000ba3ad00000) (1024K)]
  0x000001e2d62ce200 JavaThread "ForkJoinPool.commonPool-worker-17" daemon [_thread_blocked, id=18124, stack(0x000000ba3aa00000,0x000000ba3ab00000) (1024K)]
  0x000001e2d62ce890 JavaThread "ForkJoinPool.commonPool-worker-18" daemon [_thread_blocked, id=14764, stack(0x000000ba3ab00000,0x000000ba3ac00000) (1024K)]
  0x000001e2d62ca060 JavaThread "ForkJoinPool.commonPool-worker-19" daemon [_thread_blocked, id=22168, stack(0x000000ba3ad00000,0x000000ba3ae00000) (1024K)]
Total: 40

Other Threads:
  0x000001e2f741c5e0 VMThread "VM Thread"                           [id=8136, stack(0x000000ba39300000,0x000000ba39400000) (1024K)]
  0x000001e2f73c6e10 WatcherThread "VM Periodic Task Thread"        [id=19124, stack(0x000000ba39200000,0x000000ba39300000) (1024K)]
  0x000001e2f737bf70 WorkerThread "GC Thread#0"                     [id=20428, stack(0x000000ba39100000,0x000000ba39200000) (1024K)]
  0x000001e2d4504af0 WorkerThread "GC Thread#1"                     [id=15640, stack(0x000000ba39f00000,0x000000ba3a000000) (1024K)]
  0x000001e2d44cc830 WorkerThread "GC Thread#2"                     [id=17448, stack(0x000000ba3a000000,0x000000ba3a100000) (1024K)]
  0x000001e2d44ccbd0 WorkerThread "GC Thread#3"                     [id=18304, stack(0x000000ba3a100000,0x000000ba3a200000) (1024K)]
Total: 6

Threads with active compile tasks:
C2 CompilerThread0  100832043 20443   !   4       lombok.launch.PatchFixesHider$PatchFixes::isGenerated (57 bytes)
Total: 1

VM state: not at safepoint (normal execution)

VM Mutex/Monitor currently owned by a thread: None

Heap address: 0x0000000080000000, size: 2048 MB, Compressed Oops mode: 32-bit

CDS archive(s) mapped at: [0x000001e28f000000-0x000001e28fba0000-0x000001e28fba0000), size 12189696, SharedBaseAddress: 0x000001e28f000000, ArchiveRelocationMode: 1.
Compressed class space mapped at: 0x000001e290000000-0x000001e2d0000000, reserved size: 1073741824
Narrow klass base: 0x000001e28f000000, Narrow klass shift: 0, Narrow klass range: 0x100000000

GC Precious Log:
 CardTable entry size: 512
 CPUs: 4 total, 4 available
 Memory: 7975M
 Large Page Support: Disabled
 NUMA Support: Disabled
 Compressed Oops: Enabled (32-bit)
 Alignments: Space 512K, Generation 512K, Heap 2M
 Heap Min Capacity: 100M
 Heap Initial Capacity: 100M
 Heap Max Capacity: 2G
 Pre-touch: Disabled
 Parallel Workers: 4

Heap:
 PSYoungGen      total 3584K, used 3037K [0x00000000d5580000, 0x00000000d5a80000, 0x0000000100000000)
  eden space 3072K, 82% used [0x00000000d5580000,0x00000000d57f7760,0x00000000d5880000)
  from space 512K, 100% used [0x00000000d5980000,0x00000000d5a00000,0x00000000d5a00000)
  to   space 1024K, 0% used [0x00000000d5880000,0x00000000d5880000,0x00000000d5980000)
 ParOldGen       total 944128K, used 854992K [0x0000000080000000, 0x00000000b9a00000, 0x00000000d5580000)
  object space 944128K, 90% used [0x0000000080000000,0x00000000b42f4250,0x00000000b9a00000)
 Metaspace       used 83548K, committed 85120K, reserved 1179648K
  class space    used 8322K, committed 9024K, reserved 1048576K

Card table byte_map: [0x000001e2f6d00000,0x000001e2f7110000] _byte_map_base: 0x000001e2f6900000

Marking Bits: (ParMarkBitMap*) 0x00007ffcc5e531f0
 Begin Bits: [0x000001e2fa800000, 0x000001e2fc800000)
 End Bits:   [0x000001e2fc800000, 0x000001e2fe800000)

Polling page: 0x000001e2f5230000

Metaspace:

Usage:
  Non-class:     73.46 MB used.
      Class:      8.13 MB used.
       Both:     81.59 MB used.

Virtual space:
  Non-class space:      128.00 MB reserved,      74.31 MB ( 58%) committed,  2 nodes.
      Class space:        1.00 GB reserved,       8.81 MB ( <1%) committed,  1 nodes.
             Both:        1.12 GB reserved,      83.12 MB (  7%) committed. 

Chunk freelists:
   Non-Class:  5.31 MB
       Class:  7.19 MB
        Both:  12.50 MB

MaxMetaspaceSize: unlimited
CompressedClassSpaceSize: 1.00 GB
Initial GC threshold: 21.00 MB
Current GC threshold: 125.44 MB
CDS: on
 - commit_granule_bytes: 65536.
 - commit_granule_words: 8192.
 - virtual_space_node_default_size: 8388608.
 - enlarge_chunks_in_place: 1.
 - use_allocation_guard: 0.


Internal statistics:

num_allocs_failed_limit: 9.
num_arena_births: 1682.
num_arena_deaths: 386.
num_vsnodes_births: 3.
num_vsnodes_deaths: 0.
num_space_committed: 1330.
num_space_uncommitted: 0.
num_chunks_returned_to_freelist: 447.
num_chunks_taken_from_freelist: 6086.
num_chunk_merges: 125.
num_chunk_splits: 3478.
num_chunks_enlarged: 1902.
num_inconsistent_stats: 0.

CodeHeap 'non-profiled nmethods': size=120000Kb used=19080Kb max_used=19080Kb free=100919Kb
 bounds [0x000001e287ad0000, 0x000001e288d80000, 0x000001e28f000000]
CodeHeap 'profiled nmethods': size=120000Kb used=47365Kb max_used=47365Kb free=72635Kb
 bounds [0x000001e280000000, 0x000001e282e50000, 0x000001e287530000]
CodeHeap 'non-nmethods': size=5760Kb used=1510Kb max_used=1568Kb free=4250Kb
 bounds [0x000001e287530000, 0x000001e2877a0000, 0x000001e287ad0000]
 total_blobs=19539 nmethods=18710 adapters=730
 compilation: enabled
              stopped_count=0, restarted_count=0
 full_count=0

Compilation events (20 events):
Event: 100831.943 Thread 0x000001e2fedb5f00 20462       3       org.eclipse.jdt.internal.formatter.DefaultCodeFormatterOptions$$Lambda/0x000001e29083fd60::<init> (10 bytes)
Event: 100831.943 Thread 0x000001e2fedb5f00 nmethod 20462 0x000001e282e3ce90 code [0x000001e282e3d040, 0x000001e282e3d1c8]
Event: 100831.943 Thread 0x000001e2fedb5f00 20463       3       org.eclipse.jdt.internal.formatter.DefaultCodeFormatterOptions$$Lambda/0x000001e29083fd60::accept (9 bytes)
Event: 100831.943 Thread 0x000001e2fedb5f00 nmethod 20463 0x000001e282e3d290 code [0x000001e282e3d440, 0x000001e282e3d5b8]
Event: 100831.945 Thread 0x000001e2fedb5f00 20466       3       org.eclipse.jface.text.AbstractDocument::getNextModificationStamp (45 bytes)
Event: 100831.947 Thread 0x000001e2fedb5f00 nmethod 20466 0x000001e282e3d690 code [0x000001e282e3d840, 0x000001e282e3d9f8]
Event: 100831.962 Thread 0x000001e2fedb5f00 20467       3       org.eclipse.jdt.core.dom.VariableDeclarationFragment::internalStructuralPropertiesForType (5 bytes)
Event: 100831.963 Thread 0x000001e2fedb5f00 nmethod 20467 0x000001e282e3da90 code [0x000001e282e3dc40, 0x000001e282e3de18]
Event: 100831.963 Thread 0x000001e2fedb5f00 20468       3       org.eclipse.jdt.core.dom.VariableDeclarationFragment::propertyDescriptors (14 bytes)
Event: 100831.963 Thread 0x000001e2fedb5f00 nmethod 20468 0x000001e282e3df10 code [0x000001e282e3e0c0, 0x000001e282e3e218]
Event: 100831.968 Thread 0x000001e2fedb5f00 20469   !   3       org.eclipse.jdt.core.dom.IfStatement::getThenStatement (60 bytes)
Event: 100831.972 Thread 0x000001e2fedb5f00 nmethod 20469 0x000001e282e3e290 code [0x000001e282e3e4e0, 0x000001e282e3ee98]
Event: 100831.972 Thread 0x000001e2fedb5f00 20470   !   3       org.eclipse.jface.text.DefaultPositionUpdater::update (161 bytes)
Event: 100831.976 Thread 0x000001e2fedb5f00 nmethod 20470 0x000001e282e3f490 code [0x000001e282e3f6c0, 0x000001e282e3fe98]
Event: 100831.976 Thread 0x000001e2fedb5f00 20471       3       org.eclipse.jface.text.AbstractDocument::getPositions (59 bytes)
Event: 100831.977 Thread 0x000001e2fedb5f00 nmethod 20471 0x000001e282e40310 code [0x000001e282e40520, 0x000001e282e40c60]
Event: 100831.978 Thread 0x000001e2fedb5f00 20473       3       org.eclipse.jdt.core.dom.VariableDeclaration::extraDimensions (16 bytes)
Event: 100831.978 Thread 0x000001e2fedb5f00 nmethod 20473 0x000001e282e40e90 code [0x000001e282e41060, 0x000001e282e41300]
Event: 100831.978 Thread 0x000001e2fedb5f00 20472       1       org.eclipse.jdt.core.dom.AST::setDefaultNodeFlag (6 bytes)
Event: 100831.979 Thread 0x000001e2fedb5f00 nmethod 20472 0x000001e288d72010 code [0x000001e288d721a0, 0x000001e288d72268]

GC Heap History (20 events):
Event: 100831.102 GC heap before
{Heap before GC invocations=1971 (full 4):
 PSYoungGen      total 3584K, used 3572K [0x00000000d5580000, 0x00000000d5b00000, 0x0000000100000000)
  eden space 3072K, 100% used [0x00000000d5580000,0x00000000d5880000,0x00000000d5880000)
  from space 512K, 97% used [0x00000000d5a80000,0x00000000d5afd200,0x00000000d5b00000)
  to   space 1024K, 0% used [0x00000000d5900000,0x00000000d5900000,0x00000000d5a00000)
 ParOldGen       total 944128K, used 844919K [0x0000000080000000, 0x00000000b9a00000, 0x00000000d5580000)
  object space 944128K, 89% used [0x0000000080000000,0x00000000b391de60,0x00000000b9a00000)
 Metaspace       used 83515K, committed 85120K, reserved 1179648K
  class space    used 8322K, committed 9024K, reserved 1048576K
}
Event: 100831.112 GC heap after
{Heap after GC invocations=1971 (full 4):
 PSYoungGen      total 4096K, used 730K [0x00000000d5580000, 0x00000000d5b00000, 0x0000000100000000)
  eden space 3072K, 0% used [0x00000000d5580000,0x00000000d5580000,0x00000000d5880000)
  from space 1024K, 71% used [0x00000000d5900000,0x00000000d59b6900,0x00000000d5a00000)
  to   space 1024K, 0% used [0x00000000d5a00000,0x00000000d5a00000,0x00000000d5b00000)
 ParOldGen       total 944128K, used 845412K [0x0000000080000000, 0x00000000b9a00000, 0x00000000d5580000)
  object space 944128K, 89% used [0x0000000080000000,0x00000000b3999070,0x00000000b9a00000)
 Metaspace       used 83515K, committed 85120K, reserved 1179648K
  class space    used 8322K, committed 9024K, reserved 1048576K
}
Event: 100831.156 GC heap before
{Heap before GC invocations=1972 (full 4):
 PSYoungGen      total 4096K, used 3802K [0x00000000d5580000, 0x00000000d5b00000, 0x0000000100000000)
  eden space 3072K, 100% used [0x00000000d5580000,0x00000000d5880000,0x00000000d5880000)
  from space 1024K, 71% used [0x00000000d5900000,0x00000000d59b6900,0x00000000d5a00000)
  to   space 1024K, 0% used [0x00000000d5a00000,0x00000000d5a00000,0x00000000d5b00000)
 ParOldGen       total 944128K, used 845412K [0x0000000080000000, 0x00000000b9a00000, 0x00000000d5580000)
  object space 944128K, 89% used [0x0000000080000000,0x00000000b3999070,0x00000000b9a00000)
 Metaspace       used 83515K, committed 85120K, reserved 1179648K
  class space    used 8322K, committed 9024K, reserved 1048576K
}
Event: 100831.169 GC heap after
{Heap after GC invocations=1972 (full 4):
 PSYoungGen      total 2048K, used 1008K [0x00000000d5580000, 0x00000000d5f80000, 0x0000000100000000)
  eden space 1024K, 0% used [0x00000000d5580000,0x00000000d5580000,0x00000000d5680000)
  from space 1024K, 98% used [0x00000000d5a00000,0x00000000d5afc340,0x00000000d5b00000)
  to   space 3584K, 0% used [0x00000000d5680000,0x00000000d5680000,0x00000000d5a00000)
 ParOldGen       total 944128K, used 847522K [0x0000000080000000, 0x00000000b9a00000, 0x00000000d5580000)
  object space 944128K, 89% used [0x0000000080000000,0x00000000b3ba8a20,0x00000000b9a00000)
 Metaspace       used 83515K, committed 85120K, reserved 1179648K
  class space    used 8322K, committed 9024K, reserved 1048576K
}
Event: 100831.174 GC heap before
{Heap before GC invocations=1973 (full 4):
 PSYoungGen      total 2048K, used 2032K [0x00000000d5580000, 0x00000000d5f80000, 0x0000000100000000)
  eden space 1024K, 99% used [0x00000000d5580000,0x00000000d567ffb0,0x00000000d5680000)
  from space 1024K, 98% used [0x00000000d5a00000,0x00000000d5afc340,0x00000000d5b00000)
  to   space 3584K, 0% used [0x00000000d5680000,0x00000000d5680000,0x00000000d5a00000)
 ParOldGen       total 944128K, used 847522K [0x0000000080000000, 0x00000000b9a00000, 0x00000000d5580000)
  object space 944128K, 89% used [0x0000000080000000,0x00000000b3ba8a20,0x00000000b9a00000)
 Metaspace       used 83515K, committed 85120K, reserved 1179648K
  class space    used 8322K, committed 9024K, reserved 1048576K
}
Event: 100831.179 GC heap after
{Heap after GC invocations=1973 (full 4):
 PSYoungGen      total 2560K, used 1056K [0x00000000d5580000, 0x00000000d5a80000, 0x0000000100000000)
  eden space 1024K, 0% used [0x00000000d5580000,0x00000000d5580000,0x00000000d5680000)
  from space 1536K, 68% used [0x00000000d5680000,0x00000000d5788000,0x00000000d5800000)
  to   space 2048K, 0% used [0x00000000d5880000,0x00000000d5880000,0x00000000d5a80000)
 ParOldGen       total 944128K, used 848539K [0x0000000080000000, 0x00000000b9a00000, 0x00000000d5580000)
  object space 944128K, 89% used [0x0000000080000000,0x00000000b3ca6d60,0x00000000b9a00000)
 Metaspace       used 83515K, committed 85120K, reserved 1179648K
  class space    used 8322K, committed 9024K, reserved 1048576K
}
Event: 100831.184 GC heap before
{Heap before GC invocations=1974 (full 4):
 PSYoungGen      total 2560K, used 2080K [0x00000000d5580000, 0x00000000d5a80000, 0x0000000100000000)
  eden space 1024K, 100% used [0x00000000d5580000,0x00000000d5680000,0x00000000d5680000)
  from space 1536K, 68% used [0x00000000d5680000,0x00000000d5788000,0x00000000d5800000)
  to   space 2048K, 0% used [0x00000000d5880000,0x00000000d5880000,0x00000000d5a80000)
 ParOldGen       total 944128K, used 848539K [0x0000000080000000, 0x00000000b9a00000, 0x00000000d5580000)
  object space 944128K, 89% used [0x0000000080000000,0x00000000b3ca6d60,0x00000000b9a00000)
 Metaspace       used 83515K, committed 85120K, reserved 1179648K
  class space    used 8322K, committed 9024K, reserved 1048576K
}
Event: 100831.196 GC heap after
{Heap after GC invocations=1974 (full 4):
 PSYoungGen      total 3072K, used 1056K [0x00000000d5580000, 0x00000000d5a00000, 0x0000000100000000)
  eden space 1536K, 0% used [0x00000000d5580000,0x00000000d5580000,0x00000000d5700000)
  from space 1536K, 68% used [0x00000000d5880000,0x00000000d5988000,0x00000000d5a00000)
  to   space 1536K, 0% used [0x00000000d5700000,0x00000000d5700000,0x00000000d5880000)
 ParOldGen       total 944128K, used 849555K [0x0000000080000000, 0x00000000b9a00000, 0x00000000d5580000)
  object space 944128K, 89% used [0x0000000080000000,0x00000000b3da4d60,0x00000000b9a00000)
 Metaspace       used 83515K, committed 85120K, reserved 1179648K
  class space    used 8322K, committed 9024K, reserved 1048576K
}
Event: 100831.263 GC heap before
{Heap before GC invocations=1975 (full 4):
 PSYoungGen      total 3072K, used 2592K [0x00000000d5580000, 0x00000000d5a00000, 0x0000000100000000)
  eden space 1536K, 100% used [0x00000000d5580000,0x00000000d5700000,0x00000000d5700000)
  from space 1536K, 68% used [0x00000000d5880000,0x00000000d5988000,0x00000000d5a00000)
  to   space 1536K, 0% used [0x00000000d5700000,0x00000000d5700000,0x00000000d5880000)
 ParOldGen       total 944128K, used 849555K [0x0000000080000000, 0x00000000b9a00000, 0x00000000d5580000)
  object space 944128K, 89% used [0x0000000080000000,0x00000000b3da4d60,0x00000000b9a00000)
 Metaspace       used 83515K, committed 85120K, reserved 1179648K
  class space    used 8322K, committed 9024K, reserved 1048576K
}
Event: 100831.276 GC heap after
{Heap after GC invocations=1975 (full 4):
 PSYoungGen      total 3072K, used 1536K [0x00000000d5580000, 0x00000000d5d80000, 0x0000000100000000)
  eden space 1536K, 0% used [0x00000000d5580000,0x00000000d5580000,0x00000000d5700000)
  from space 1536K, 100% used [0x00000000d5700000,0x00000000d5880000,0x00000000d5880000)
  to   space 3072K, 0% used [0x00000000d5a80000,0x00000000d5a80000,0x00000000d5d80000)
 ParOldGen       total 944128K, used 850595K [0x0000000080000000, 0x00000000b9a00000, 0x00000000d5580000)
  object space 944128K, 90% used [0x0000000080000000,0x00000000b3ea8d60,0x00000000b9a00000)
 Metaspace       used 83515K, committed 85120K, reserved 1179648K
  class space    used 8322K, committed 9024K, reserved 1048576K
}
Event: 100831.317 GC heap before
{Heap before GC invocations=1976 (full 4):
 PSYoungGen      total 3072K, used 3072K [0x00000000d5580000, 0x00000000d5d80000, 0x0000000100000000)
  eden space 1536K, 100% used [0x00000000d5580000,0x00000000d5700000,0x00000000d5700000)
  from space 1536K, 100% used [0x00000000d5700000,0x00000000d5880000,0x00000000d5880000)
  to   space 3072K, 0% used [0x00000000d5a80000,0x00000000d5a80000,0x00000000d5d80000)
 ParOldGen       total 944128K, used 850595K [0x0000000080000000, 0x00000000b9a00000, 0x00000000d5580000)
  object space 944128K, 90% used [0x0000000080000000,0x00000000b3ea8d60,0x00000000b9a00000)
 Metaspace       used 83515K, committed 85120K, reserved 1179648K
  class space    used 8322K, committed 9024K, reserved 1048576K
}
Event: 100831.326 GC heap after
{Heap after GC invocations=1976 (full 4):
 PSYoungGen      total 3584K, used 1536K [0x00000000d5580000, 0x00000000d5c00000, 0x0000000100000000)
  eden space 2048K, 0% used [0x00000000d5580000,0x00000000d5580000,0x00000000d5780000)
  from space 1536K, 100% used [0x00000000d5a80000,0x00000000d5c00000,0x00000000d5c00000)
  to   space 2048K, 0% used [0x00000000d5800000,0x00000000d5800000,0x00000000d5a00000)
 ParOldGen       total 944128K, used 852099K [0x0000000080000000, 0x00000000b9a00000, 0x00000000d5580000)
  object space 944128K, 90% used [0x0000000080000000,0x00000000b4020d60,0x00000000b9a00000)
 Metaspace       used 83515K, committed 85120K, reserved 1179648K
  class space    used 8322K, committed 9024K, reserved 1048576K
}
Event: 100831.512 GC heap before
{Heap before GC invocations=1977 (full 4):
 PSYoungGen      total 3584K, used 3584K [0x00000000d5580000, 0x00000000d5c00000, 0x0000000100000000)
  eden space 2048K, 100% used [0x00000000d5580000,0x00000000d5780000,0x00000000d5780000)
  from space 1536K, 100% used [0x00000000d5a80000,0x00000000d5c00000,0x00000000d5c00000)
  to   space 2048K, 0% used [0x00000000d5800000,0x00000000d5800000,0x00000000d5a00000)
 ParOldGen       total 944128K, used 852099K [0x0000000080000000, 0x00000000b9a00000, 0x00000000d5580000)
  object space 944128K, 90% used [0x0000000080000000,0x00000000b4020d60,0x00000000b9a00000)
 Metaspace       used 83526K, committed 85120K, reserved 1179648K
  class space    used 8322K, committed 9024K, reserved 1048576K
}
Event: 100831.524 GC heap after
{Heap after GC invocations=1977 (full 4):
 PSYoungGen      total 3584K, used 724K [0x00000000d5580000, 0x00000000d5b00000, 0x0000000100000000)
  eden space 2560K, 0% used [0x00000000d5580000,0x00000000d5580000,0x00000000d5800000)
  from space 1024K, 70% used [0x00000000d5800000,0x00000000d58b5200,0x00000000d5900000)
  to   space 1536K, 0% used [0x00000000d5980000,0x00000000d5980000,0x00000000d5b00000)
 ParOldGen       total 944128K, used 853635K [0x0000000080000000, 0x00000000b9a00000, 0x00000000d5580000)
  object space 944128K, 90% used [0x0000000080000000,0x00000000b41a0d60,0x00000000b9a00000)
 Metaspace       used 83526K, committed 85120K, reserved 1179648K
  class space    used 8322K, committed 9024K, reserved 1048576K
}
Event: 100831.554 GC heap before
{Heap before GC invocations=1978 (full 4):
 PSYoungGen      total 3584K, used 3284K [0x00000000d5580000, 0x00000000d5b00000, 0x0000000100000000)
  eden space 2560K, 100% used [0x00000000d5580000,0x00000000d5800000,0x00000000d5800000)
  from space 1024K, 70% used [0x00000000d5800000,0x00000000d58b5200,0x00000000d5900000)
  to   space 1536K, 0% used [0x00000000d5980000,0x00000000d5980000,0x00000000d5b00000)
 ParOldGen       total 944128K, used 853635K [0x0000000080000000, 0x00000000b9a00000, 0x00000000d5580000)
  object space 944128K, 90% used [0x0000000080000000,0x00000000b41a0d60,0x00000000b9a00000)
 Metaspace       used 83527K, committed 85120K, reserved 1179648K
  class space    used 8322K, committed 9024K, reserved 1048576K
}
Event: 100831.565 GC heap after
{Heap after GC invocations=1978 (full 4):
 PSYoungGen      total 4096K, used 384K [0x00000000d5580000, 0x00000000d5a80000, 0x0000000100000000)
  eden space 3072K, 0% used [0x00000000d5580000,0x00000000d5580000,0x00000000d5880000)
  from space 1024K, 37% used [0x00000000d5980000,0x00000000d59e0000,0x00000000d5a80000)
  to   space 1024K, 0% used [0x00000000d5880000,0x00000000d5880000,0x00000000d5980000)
 ParOldGen       total 944128K, used 854292K [0x0000000080000000, 0x00000000b9a00000, 0x00000000d5580000)
  object space 944128K, 90% used [0x0000000080000000,0x00000000b4245200,0x00000000b9a00000)
 Metaspace       used 83527K, committed 85120K, reserved 1179648K
  class space    used 8322K, committed 9024K, reserved 1048576K
}
Event: 100831.619 GC heap before
{Heap before GC invocations=1979 (full 4):
 PSYoungGen      total 4096K, used 3456K [0x00000000d5580000, 0x00000000d5a80000, 0x0000000100000000)
  eden space 3072K, 100% used [0x00000000d5580000,0x00000000d5880000,0x00000000d5880000)
  from space 1024K, 37% used [0x00000000d5980000,0x00000000d59e0000,0x00000000d5a80000)
  to   space 1024K, 0% used [0x00000000d5880000,0x00000000d5880000,0x00000000d5980000)
 ParOldGen       total 944128K, used 854292K [0x0000000080000000, 0x00000000b9a00000, 0x00000000d5580000)
  object space 944128K, 90% used [0x0000000080000000,0x00000000b4245200,0x00000000b9a00000)
 Metaspace       used 83527K, committed 85120K, reserved 1179648K
  class space    used 8322K, committed 9024K, reserved 1048576K
}
Event: 100831.625 GC heap after
{Heap after GC invocations=1979 (full 4):
 PSYoungGen      total 4096K, used 448K [0x00000000d5580000, 0x00000000d5a00000, 0x0000000100000000)
  eden space 3072K, 0% used [0x00000000d5580000,0x00000000d5580000,0x00000000d5880000)
  from space 1024K, 43% used [0x00000000d5880000,0x00000000d58f0000,0x00000000d5980000)
  to   space 512K, 0% used [0x00000000d5980000,0x00000000d5980000,0x00000000d5a00000)
 ParOldGen       total 944128K, used 854616K [0x0000000080000000, 0x00000000b9a00000, 0x00000000d5580000)
  object space 944128K, 90% used [0x0000000080000000,0x00000000b4296230,0x00000000b9a00000)
 Metaspace       used 83527K, committed 85120K, reserved 1179648K
  class space    used 8322K, committed 9024K, reserved 1048576K
}
Event: 100831.949 GC heap before
{Heap before GC invocations=1980 (full 4):
 PSYoungGen      total 4096K, used 3520K [0x00000000d5580000, 0x00000000d5a00000, 0x0000000100000000)
  eden space 3072K, 100% used [0x00000000d5580000,0x00000000d5880000,0x00000000d5880000)
  from space 1024K, 43% used [0x00000000d5880000,0x00000000d58f0000,0x00000000d5980000)
  to   space 512K, 0% used [0x00000000d5980000,0x00000000d5980000,0x00000000d5a00000)
 ParOldGen       total 944128K, used 854616K [0x0000000080000000, 0x00000000b9a00000, 0x00000000d5580000)
  object space 944128K, 90% used [0x0000000080000000,0x00000000b4296230,0x00000000b9a00000)
 Metaspace       used 83544K, committed 85120K, reserved 1179648K
  class space    used 8322K, committed 9024K, reserved 1048576K
}
Event: 100831.957 GC heap after
{Heap after GC invocations=1980 (full 4):
 PSYoungGen      total 3584K, used 512K [0x00000000d5580000, 0x00000000d5a80000, 0x0000000100000000)
  eden space 3072K, 0% used [0x00000000d5580000,0x00000000d5580000,0x00000000d5880000)
  from space 512K, 100% used [0x00000000d5980000,0x00000000d5a00000,0x00000000d5a00000)
  to   space 1024K, 0% used [0x00000000d5880000,0x00000000d5880000,0x00000000d5980000)
 ParOldGen       total 944128K, used 854992K [0x0000000080000000, 0x00000000b9a00000, 0x00000000d5580000)
  object space 944128K, 90% used [0x0000000080000000,0x00000000b42f4250,0x00000000b9a00000)
 Metaspace       used 83544K, committed 85120K, reserved 1179648K
  class space    used 8322K, committed 9024K, reserved 1048576K
}

Dll operation events (11 events):
Event: 0.011 Loaded shared library c:\Users\john regienald\.vscode\extensions\redhat.java-1.43.0-win32-x64\jre\21.0.7-win32-x86_64\bin\java.dll
Event: 0.302 Loaded shared library c:\Users\john regienald\.vscode\extensions\redhat.java-1.43.0-win32-x64\jre\21.0.7-win32-x86_64\bin\zip.dll
Event: 0.332 Loaded shared library C:\Users\john regienald\.vscode\extensions\redhat.java-1.43.0-win32-x64\jre\21.0.7-win32-x86_64\bin\instrument.dll
Event: 0.340 Loaded shared library C:\Users\john regienald\.vscode\extensions\redhat.java-1.43.0-win32-x64\jre\21.0.7-win32-x86_64\bin\net.dll
Event: 0.342 Loaded shared library C:\Users\john regienald\.vscode\extensions\redhat.java-1.43.0-win32-x64\jre\21.0.7-win32-x86_64\bin\nio.dll
Event: 0.371 Loaded shared library C:\Users\john regienald\.vscode\extensions\redhat.java-1.43.0-win32-x64\jre\21.0.7-win32-x86_64\bin\zip.dll
Event: 0.407 Loaded shared library C:\Users\john regienald\.vscode\extensions\redhat.java-1.43.0-win32-x64\jre\21.0.7-win32-x86_64\bin\jimage.dll
Event: 0.571 Loaded shared library c:\Users\john regienald\.vscode\extensions\redhat.java-1.43.0-win32-x64\jre\21.0.7-win32-x86_64\bin\verify.dll
Event: 13.736 Loaded shared library C:\Users\john regienald\AppData\Roaming\Code\User\globalStorage\redhat.java\1.43.0\config_win\org.eclipse.equinox.launcher\org.eclipse.equinox.launcher.win32.win32.x86_64_1.2.1300.v20250331-1702\eclipse_11911.dll
Event: 38.283 Loaded shared library C:\Users\john regienald\AppData\Local\Temp\jna--1742405050\jna16516147808423129817.dll
Event: 80271.016 Loaded shared library C:\Users\john regienald\.vscode\extensions\redhat.java-1.43.0-win32-x64\jre\21.0.7-win32-x86_64\bin\extnet.dll

Deoptimization events (20 events):
Event: 84464.381 Thread 0x000001e2d5069990 DEOPT PACKING pc=0x000001e288d12bbc sp=0x000000ba3b6fede0
Event: 84464.381 Thread 0x000001e2d5069990 DEOPT UNPACKING pc=0x000001e287586da2 sp=0x000000ba3b6fec80 mode 2
Event: 84465.362 Thread 0x000001e2d506db30 Uncommon trap: trap_request=0xffffffd6 fr.pc=0x000001e288d12bbc relative=0x00000000000002fc
Event: 84465.362 Thread 0x000001e2d506db30 Uncommon trap: reason=array_check action=maybe_recompile pc=0x000001e288d12bbc method=java.util.concurrent.ScheduledThreadPoolExecutor$DelayedWorkQueue.offer(Ljava/lang/Runnable;)Z @ 65 c2
Event: 84465.362 Thread 0x000001e2d506db30 DEOPT PACKING pc=0x000001e288d12bbc sp=0x000000ba3bbff200
Event: 84465.362 Thread 0x000001e2d506db30 DEOPT UNPACKING pc=0x000001e287586da2 sp=0x000000ba3bbff0a0 mode 2
Event: 84466.357 Thread 0x000001e2d506db30 Uncommon trap: trap_request=0xffffffd6 fr.pc=0x000001e288d12bbc relative=0x00000000000002fc
Event: 84466.357 Thread 0x000001e2d506db30 Uncommon trap: reason=array_check action=maybe_recompile pc=0x000001e288d12bbc method=java.util.concurrent.ScheduledThreadPoolExecutor$DelayedWorkQueue.offer(Ljava/lang/Runnable;)Z @ 65 c2
Event: 84466.357 Thread 0x000001e2d506db30 DEOPT PACKING pc=0x000001e288d12bbc sp=0x000000ba3bbff200
Event: 84466.358 Thread 0x000001e2d506db30 DEOPT UNPACKING pc=0x000001e287586da2 sp=0x000000ba3bbff0a0 mode 2
Event: 84467.368 Thread 0x000001e2d506db30 Uncommon trap: trap_request=0xffffffd6 fr.pc=0x000001e288d12bbc relative=0x00000000000002fc
Event: 84467.368 Thread 0x000001e2d506db30 Uncommon trap: reason=array_check action=maybe_recompile pc=0x000001e288d12bbc method=java.util.concurrent.ScheduledThreadPoolExecutor$DelayedWorkQueue.offer(Ljava/lang/Runnable;)Z @ 65 c2
Event: 84467.368 Thread 0x000001e2d506db30 DEOPT PACKING pc=0x000001e288d12bbc sp=0x000000ba3bbff200
Event: 84467.369 Thread 0x000001e2d506db30 DEOPT UNPACKING pc=0x000001e287586da2 sp=0x000000ba3bbff0a0 mode 2
Event: 84493.300 Thread 0x000001e2d6560bf0 Uncommon trap: trap_request=0xffffff45 fr.pc=0x000001e28895907c relative=0x0000000000000bfc
Event: 84493.301 Thread 0x000001e2d6560bf0 Uncommon trap: reason=unstable_if action=reinterpret pc=0x000001e28895907c method=java.util.concurrent.locks.ReentrantLock$NonfairSync.tryAcquire(I)Z @ 4 c2
Event: 84493.301 Thread 0x000001e2d6560bf0 DEOPT PACKING pc=0x000001e28895907c sp=0x000000ba3bdff180
Event: 84493.301 Thread 0x000001e2d6560bf0 DEOPT UNPACKING pc=0x000001e287586da2 sp=0x000000ba3bdff100 mode 2
Event: 84493.561 Thread 0x000001e2d62cbaa0 DEOPT PACKING pc=0x000001e2813f0a61 sp=0x000000ba3abfde40
Event: 84493.563 Thread 0x000001e2d62cbaa0 DEOPT UNPACKING pc=0x000001e2875878e2 sp=0x000000ba3abfd2a8 mode 0

Classes loaded (20 events):
Event: 81671.132 Loading class jdk/internal/module/IllegalAccessLogger
Event: 81671.132 Loading class jdk/internal/module/IllegalAccessLogger done
Event: 83766.338 Loading class jdk/internal/module/IllegalAccessLogger
Event: 83766.349 Loading class jdk/internal/module/IllegalAccessLogger done
Event: 83771.630 Loading class jdk/internal/module/IllegalAccessLogger
Event: 83771.630 Loading class jdk/internal/module/IllegalAccessLogger done
Event: 83837.202 Loading class jdk/internal/module/IllegalAccessLogger
Event: 83837.202 Loading class jdk/internal/module/IllegalAccessLogger done
Event: 83913.261 Loading class jdk/internal/module/IllegalAccessLogger
Event: 83913.261 Loading class jdk/internal/module/IllegalAccessLogger done
Event: 84003.681 Loading class jdk/internal/ref/CleanerImpl$InnocuousThreadFactory
Event: 84003.682 Loading class jdk/internal/ref/CleanerImpl$InnocuousThreadFactory done
Event: 84020.064 Loading class java/io/CharArrayReader
Event: 84020.064 Loading class java/io/CharArrayReader done
Event: 84020.064 Loading class java/util/regex/Pattern$Bound
Event: 84020.065 Loading class java/util/regex/Pattern$Bound done
Event: 84416.095 Loading class jdk/internal/module/IllegalAccessLogger
Event: 84416.095 Loading class jdk/internal/module/IllegalAccessLogger done
Event: 84493.403 Loading class jdk/internal/module/IllegalAccessLogger
Event: 84493.403 Loading class jdk/internal/module/IllegalAccessLogger done

Classes unloaded (20 events):
Event: 81094.718 Thread 0x000001e2f741c5e0 Unloading class 0x000001e290017400 'java/lang/invoke/LambdaForm$MH+0x000001e290017400'
Event: 81094.719 Thread 0x000001e2f741c5e0 Unloading class 0x000001e290016400 'java/lang/invoke/LambdaForm$MH+0x000001e290016400'
Event: 81094.719 Thread 0x000001e2f741c5e0 Unloading class 0x000001e29000d800 'java/lang/invoke/LambdaForm$MH+0x000001e29000d800'
Event: 81094.719 Thread 0x000001e2f741c5e0 Unloading class 0x000001e29000d400 'java/lang/invoke/LambdaForm$MH+0x000001e29000d400'
Event: 81094.719 Thread 0x000001e2f741c5e0 Unloading class 0x000001e29000d000 'java/lang/invoke/LambdaForm$MH+0x000001e29000d000'
Event: 81094.719 Thread 0x000001e2f741c5e0 Unloading class 0x000001e29000cc00 'java/lang/invoke/LambdaForm$MH+0x000001e29000cc00'
Event: 81094.719 Thread 0x000001e2f741c5e0 Unloading class 0x000001e29000c800 'java/lang/invoke/LambdaForm$BMH+0x000001e29000c800'
Event: 81094.719 Thread 0x000001e2f741c5e0 Unloading class 0x000001e29000c000 'java/lang/invoke/LambdaForm$DMH+0x000001e29000c000'
Event: 81094.719 Thread 0x000001e2f741c5e0 Unloading class 0x000001e290008400 'java/lang/invoke/LambdaForm$MH+0x000001e290008400'
Event: 81094.719 Thread 0x000001e2f741c5e0 Unloading class 0x000001e290008000 'java/lang/invoke/LambdaForm$MH+0x000001e290008000'
Event: 81094.719 Thread 0x000001e2f741c5e0 Unloading class 0x000001e290007c00 'java/lang/invoke/LambdaForm$MH+0x000001e290007c00'
Event: 81094.719 Thread 0x000001e2f741c5e0 Unloading class 0x000001e290006800 'java/lang/invoke/LambdaForm$MH+0x000001e290006800'
Event: 81094.719 Thread 0x000001e2f741c5e0 Unloading class 0x000001e290006400 'java/lang/invoke/LambdaForm$MH+0x000001e290006400'
Event: 81094.719 Thread 0x000001e2f741c5e0 Unloading class 0x000001e290006000 'java/lang/invoke/LambdaForm$MH+0x000001e290006000'
Event: 81094.719 Thread 0x000001e2f741c5e0 Unloading class 0x000001e290005c00 'java/lang/invoke/LambdaForm$MH+0x000001e290005c00'
Event: 81094.719 Thread 0x000001e2f741c5e0 Unloading class 0x000001e290005400 'java/lang/invoke/LambdaForm$BMH+0x000001e290005400'
Event: 81094.719 Thread 0x000001e2f741c5e0 Unloading class 0x000001e290004000 'java/lang/invoke/LambdaForm$DMH+0x000001e290004000'
Event: 81094.719 Thread 0x000001e2f741c5e0 Unloading class 0x000001e290002400 'java/lang/invoke/LambdaForm$MH+0x000001e290002400'
Event: 81094.719 Thread 0x000001e2f741c5e0 Unloading class 0x000001e290002000 'java/lang/invoke/LambdaForm$MH+0x000001e290002000'
Event: 81094.719 Thread 0x000001e2f741c5e0 Unloading class 0x000001e290001800 'java/lang/invoke/LambdaForm$MH+0x000001e290001800'

Classes redefined (0 events):
No events

Internal exceptions (20 events):
Event: 84002.407 Thread 0x000001e2d506f570 Exception <a 'java/lang/NoSuchMethodError'{0x00000000d5680e50}: 'void java.lang.invoke.DirectMethodHandle$Holder.invokeSpecial(java.lang.Object, java.lang.Object, int)'> (0x00000000d5680e50) 
thrown [s\src\hotspot\share\interpreter\linkResolver.cpp, line 773]
Event: 84002.597 Thread 0x000001e2d506f570 Exception <a 'java/lang/NoSuchMethodError'{0x00000000d56de650}: 'int java.lang.invoke.DirectMethodHandle$Holder.invokeVirtual(java.lang.Object, java.lang.Object, java.lang.Object, int)'> (0x00000000d56de650) 
thrown [s\src\hotspot\share\interpreter\linkResolver.cpp, line 773]
Event: 84003.189 Thread 0x000001e2d506f570 Exception <a 'java/lang/NoSuchMethodError'{0x00000000d5764de0}: 'java.lang.Object java.lang.invoke.DirectMethodHandle$Holder.invokeStatic(java.lang.Object, int, java.lang.Object)'> (0x00000000d5764de0) 
thrown [s\src\hotspot\share\interpreter\linkResolver.cpp, line 773]
Event: 84003.782 Thread 0x000001e2d5067f50 Implicit null exception at 0x000001e2883eb328 to 0x000001e2883ed3b0
Event: 84003.914 Thread 0x000001e2d5067f50 Implicit null exception at 0x000001e2887c6deb to 0x000001e2887c7074
Event: 84003.914 Thread 0x000001e2d5067f50 Implicit null exception at 0x000001e2887c76a4 to 0x000001e2887c78bc
Event: 84029.268 Thread 0x000001e2d5067f50 Exception <a 'sun/nio/fs/WindowsException'{0x00000000d55cb378}> (0x00000000d55cb378) 
thrown [s\src\hotspot\share\prims\jni.cpp, line 520]
Event: 84029.268 Thread 0x000001e2d5067f50 Exception <a 'sun/nio/fs/WindowsException'{0x00000000d55cbc40}> (0x00000000d55cbc40) 
thrown [s\src\hotspot\share\prims\jni.cpp, line 520]
Event: 84029.269 Thread 0x000001e2d5067f50 Exception <a 'sun/nio/fs/WindowsException'{0x00000000d55ccd88}> (0x00000000d55ccd88) 
thrown [s\src\hotspot\share\prims\jni.cpp, line 520]
Event: 84029.269 Thread 0x000001e2d5067f50 Exception <a 'sun/nio/fs/WindowsException'{0x00000000d55cd650}> (0x00000000d55cd650) 
thrown [s\src\hotspot\share\prims\jni.cpp, line 520]
Event: 84029.272 Thread 0x000001e2d5067f50 Exception <a 'sun/nio/fs/WindowsException'{0x00000000d55cf410}> (0x00000000d55cf410) 
thrown [s\src\hotspot\share\prims\jni.cpp, line 520]
Event: 84029.272 Thread 0x000001e2d5067f50 Exception <a 'sun/nio/fs/WindowsException'{0x00000000d55cfa28}> (0x00000000d55cfa28) 
thrown [s\src\hotspot\share\prims\jni.cpp, line 520]
Event: 84029.283 Thread 0x000001e2d5067f50 Exception <a 'sun/nio/fs/WindowsException'{0x00000000d55e9670}> (0x00000000d55e9670) 
thrown [s\src\hotspot\share\prims\jni.cpp, line 520]
Event: 84029.283 Thread 0x000001e2d5067f50 Exception <a 'sun/nio/fs/WindowsException'{0x00000000d55e9f38}> (0x00000000d55e9f38) 
thrown [s\src\hotspot\share\prims\jni.cpp, line 520]
Event: 84029.785 Thread 0x000001e2ffd57980 Exception <a 'sun/nio/fs/WindowsException'{0x00000000d57fefb8}> (0x00000000d57fefb8) 
thrown [s\src\hotspot\share\prims\jni.cpp, line 520]
Event: 84029.785 Thread 0x000001e2ffd57980 Exception <a 'sun/nio/fs/WindowsException'{0x00000000d57ff640}> (0x00000000d57ff640) 
thrown [s\src\hotspot\share\prims\jni.cpp, line 520]
Event: 84381.072 Thread 0x000001e2ffd58010 Exception <a 'sun/nio/fs/WindowsException'{0x00000000d568f2a0}> (0x00000000d568f2a0) 
thrown [s\src\hotspot\share\prims\jni.cpp, line 520]
Event: 84386.283 Thread 0x000001e2ffd58010 Exception <a 'sun/nio/fs/WindowsException'{0x00000000d57b3040}> (0x00000000d57b3040) 
thrown [s\src\hotspot\share\prims\jni.cpp, line 520]
Event: 84493.179 Thread 0x000001e2ffd58010 Exception <a 'sun/nio/fs/WindowsException'{0x00000000d55f7768}> (0x00000000d55f7768) 
thrown [s\src\hotspot\share\prims\jni.cpp, line 520]
Event: 84511.155 Thread 0x000001e2ffd58010 Exception <a 'sun/nio/fs/WindowsException'{0x00000000d5757698}> (0x00000000d5757698) 
thrown [s\src\hotspot\share\prims\jni.cpp, line 520]

ZGC Phase Switch (0 events):
No events

VM Operations (20 events):
Event: 100831.102 Executing VM operation: ParallelGCFailedAllocation (Allocation Failure)
Event: 100831.112 Executing VM operation: ParallelGCFailedAllocation (Allocation Failure) done
Event: 100831.156 Executing VM operation: ParallelGCFailedAllocation (Allocation Failure)
Event: 100831.169 Executing VM operation: ParallelGCFailedAllocation (Allocation Failure) done
Event: 100831.174 Executing VM operation: ParallelGCFailedAllocation (Allocation Failure)
Event: 100831.179 Executing VM operation: ParallelGCFailedAllocation (Allocation Failure) done
Event: 100831.184 Executing VM operation: ParallelGCFailedAllocation (Allocation Failure)
Event: 100831.196 Executing VM operation: ParallelGCFailedAllocation (Allocation Failure) done
Event: 100831.263 Executing VM operation: ParallelGCFailedAllocation (Allocation Failure)
Event: 100831.276 Executing VM operation: ParallelGCFailedAllocation (Allocation Failure) done
Event: 100831.317 Executing VM operation: ParallelGCFailedAllocation (Allocation Failure)
Event: 100831.326 Executing VM operation: ParallelGCFailedAllocation (Allocation Failure) done
Event: 100831.511 Executing VM operation: ParallelGCFailedAllocation (Allocation Failure)
Event: 100831.524 Executing VM operation: ParallelGCFailedAllocation (Allocation Failure) done
Event: 100831.554 Executing VM operation: ParallelGCFailedAllocation (Allocation Failure)
Event: 100831.565 Executing VM operation: ParallelGCFailedAllocation (Allocation Failure) done
Event: 100831.619 Executing VM operation: ParallelGCFailedAllocation (Allocation Failure)
Event: 100831.625 Executing VM operation: ParallelGCFailedAllocation (Allocation Failure) done
Event: 100831.949 Executing VM operation: ParallelGCFailedAllocation (Allocation Failure)
Event: 100831.957 Executing VM operation: ParallelGCFailedAllocation (Allocation Failure) done

Memory protections (0 events):
No events

Nmethod flushes (20 events):
Event: 81095.825 Thread 0x000001e2f741c5e0 flushing  nmethod 0x000001e2811e3e90
Event: 81095.826 Thread 0x000001e2f741c5e0 flushing  nmethod 0x000001e2811e4e90
Event: 81095.826 Thread 0x000001e2f741c5e0 flushing  nmethod 0x000001e2811e5290
Event: 81095.826 Thread 0x000001e2f741c5e0 flushing  nmethod 0x000001e2811e8f90
Event: 81095.826 Thread 0x000001e2f741c5e0 flushing  nmethod 0x000001e2811e9f90
Event: 81095.826 Thread 0x000001e2f741c5e0 flushing  nmethod 0x000001e2811ebb10
Event: 81095.826 Thread 0x000001e2f741c5e0 flushing  nmethod 0x000001e2811ed510
Event: 81095.826 Thread 0x000001e2f741c5e0 flushing  nmethod 0x000001e2811f1990
Event: 81095.826 Thread 0x000001e2f741c5e0 flushing  nmethod 0x000001e2811fa110
Event: 81095.826 Thread 0x000001e2f741c5e0 flushing  nmethod 0x000001e2812c8890
Event: 81095.826 Thread 0x000001e2f741c5e0 flushing  nmethod 0x000001e2812fb790
Event: 81095.826 Thread 0x000001e2f741c5e0 flushing  nmethod 0x000001e2812fc210
Event: 81095.827 Thread 0x000001e2f741c5e0 flushing  nmethod 0x000001e2812fcc10
Event: 81095.827 Thread 0x000001e2f741c5e0 flushing  nmethod 0x000001e2812fd690
Event: 81095.827 Thread 0x000001e2f741c5e0 flushing  nmethod 0x000001e281303210
Event: 81095.827 Thread 0x000001e2f741c5e0 flushing  nmethod 0x000001e281308a10
Event: 81095.827 Thread 0x000001e2f741c5e0 flushing osr nmethod 0x000001e281368f90
Event: 81095.828 Thread 0x000001e2f741c5e0 flushing  nmethod 0x000001e28137be10
Event: 81095.828 Thread 0x000001e2f741c5e0 flushing  nmethod 0x000001e281852210
Event: 81095.828 Thread 0x000001e2f741c5e0 flushing  nmethod 0x000001e2818ec690

Events (20 events):
Event: 84476.397 Thread 0x000001e2d62cce50 Thread exited: 0x000001e2d62cce50
Event: 84493.024 Thread 0x000001e2ffd55220 Thread exited: 0x000001e2ffd55220
Event: 84493.404 Thread 0x000001e2d506eee0 Thread added: 0x000001e2d62cbaa0
Event: 84494.099 Thread 0x000001e2d506a6b0 Thread added: 0x000001e2d62ca6f0
Event: 84503.130 Thread 0x000001e2d506b3d0 Thread exited: 0x000001e2d506b3d0
Event: 84553.602 Thread 0x000001e2d62cbaa0 Thread exited: 0x000001e2d62cbaa0
Event: 84554.127 Thread 0x000001e2d62ca6f0 Thread exited: 0x000001e2d62ca6f0
Event: 84563.174 Thread 0x000001e2d506f570 Thread exited: 0x000001e2d506f570
Event: 84623.220 Thread 0x000001e2d506d4a0 Thread exited: 0x000001e2d506d4a0
Event: 100672.282 Thread 0x000001e2d506a6b0 Thread added: 0x000001e2d62cc130
Event: 100672.294 Thread 0x000001e2d62cc130 Thread exited: 0x000001e2d62cc130
Event: 100672.345 Thread 0x000001e2d506a6b0 Thread added: 0x000001e2d62c8620
Event: 100682.062 Thread 0x000001e2d506a020 Thread added: 0x000001e2d62c8cb0
Event: 100732.527 Thread 0x000001e2d506eee0 Thread exited: 0x000001e2d506eee0
Event: 100742.604 Thread 0x000001e2d62c8cb0 Thread exited: 0x000001e2d62c8cb0
Event: 100817.500 Thread 0x000001e2d50685e0 Thread exited: 0x000001e2d50685e0
Event: 100817.500 Thread 0x000001e2d6560bf0 Thread exited: 0x000001e2d6560bf0
Event: 100829.138 Thread 0x000001e2d506a020 Thread added: 0x000001e2d62ce200
Event: 100829.592 Thread 0x000001e2d62ce200 Thread added: 0x000001e2d62ce890
Event: 100831.399 Thread 0x000001e2d62ce890 Thread added: 0x000001e2d62ca060


Dynamic libraries:
0x00007ff756760000 - 0x00007ff75676e000 	c:\Users\john regienald\.vscode\extensions\redhat.java-1.43.0-win32-x64\jre\21.0.7-win32-x86_64\bin\java.exe
0x00007ffd37450000 - 0x00007ffd37667000 	C:\Windows\SYSTEM32\ntdll.dll
0x00007ffd36c20000 - 0x00007ffd36ce4000 	C:\Windows\System32\KERNEL32.DLL
0x00007ffd346b0000 - 0x00007ffd34a82000 	C:\Windows\System32\KERNELBASE.dll
0x00007ffd34fc0000 - 0x00007ffd350d1000 	C:\Windows\System32\ucrtbase.dll
0x00007ffd227d0000 - 0x00007ffd227e8000 	c:\Users\john regienald\.vscode\extensions\redhat.java-1.43.0-win32-x64\jre\21.0.7-win32-x86_64\bin\jli.dll
0x00007ffd36e90000 - 0x00007ffd37041000 	C:\Windows\System32\USER32.dll
0x00007ffd34a90000 - 0x00007ffd34ab6000 	C:\Windows\System32\win32u.dll
0x00007ffd36880000 - 0x00007ffd368a9000 	C:\Windows\System32\GDI32.dll
0x00007ffd34c00000 - 0x00007ffd34d23000 	C:\Windows\System32\gdi32full.dll
0x00007ffd34e20000 - 0x00007ffd34eba000 	C:\Windows\System32\msvcp_win.dll
0x00007ffd22790000 - 0x00007ffd227ae000 	c:\Users\john regienald\.vscode\extensions\redhat.java-1.43.0-win32-x64\jre\21.0.7-win32-x86_64\bin\VCRUNTIME140.dll
0x00007ffd24d60000 - 0x00007ffd24ffb000 	C:\Windows\WinSxS\amd64_microsoft.windows.common-controls_6595b64144ccf1df_6.0.22621.5413_none_270da5617387a498\COMCTL32.dll
0x00007ffd35c00000 - 0x00007ffd35ca7000 	C:\Windows\System32\msvcrt.dll
0x00007ffd370d0000 - 0x00007ffd37101000 	C:\Windows\System32\IMM32.DLL
0x00007ffd262e0000 - 0x00007ffd262ec000 	c:\Users\john regienald\.vscode\extensions\redhat.java-1.43.0-win32-x64\jre\21.0.7-win32-x86_64\bin\vcruntime140_1.dll
0x00007ffd033f0000 - 0x00007ffd0347d000 	c:\Users\john regienald\.vscode\extensions\redhat.java-1.43.0-win32-x64\jre\21.0.7-win32-x86_64\bin\msvcp140.dll
0x00007ffcc51a0000 - 0x00007ffcc5f30000 	c:\Users\john regienald\.vscode\extensions\redhat.java-1.43.0-win32-x64\jre\21.0.7-win32-x86_64\bin\server\jvm.dll
0x00007ffd36b60000 - 0x00007ffd36c11000 	C:\Windows\System32\ADVAPI32.dll
0x00007ffd36990000 - 0x00007ffd36a38000 	C:\Windows\System32\sechost.dll
0x00007ffd34df0000 - 0x00007ffd34e18000 	C:\Windows\System32\bcrypt.dll
0x00007ffd36a40000 - 0x00007ffd36b54000 	C:\Windows\System32\RPCRT4.dll
0x00007ffd37050000 - 0x00007ffd370c1000 	C:\Windows\System32\WS2_32.dll
0x00007ffd33a90000 - 0x00007ffd33add000 	C:\Windows\SYSTEM32\POWRPROF.dll
0x00007ffd26160000 - 0x00007ffd26194000 	C:\Windows\SYSTEM32\WINMM.dll
0x00007ffd2fbe0000 - 0x00007ffd2fbea000 	C:\Windows\SYSTEM32\VERSION.dll
0x00007ffd339c0000 - 0x00007ffd339d3000 	C:\Windows\SYSTEM32\UMPDC.dll
0x00007ffd335b0000 - 0x00007ffd335c8000 	C:\Windows\SYSTEM32\kernel.appcore.dll
0x00007ffd221b0000 - 0x00007ffd221ba000 	c:\Users\john regienald\.vscode\extensions\redhat.java-1.43.0-win32-x64\jre\21.0.7-win32-x86_64\bin\jimage.dll
0x00007ffd31e60000 - 0x00007ffd32092000 	C:\Windows\SYSTEM32\DBGHELP.DLL
0x00007ffd36310000 - 0x00007ffd366a3000 	C:\Windows\System32\combase.dll
0x00007ffd37180000 - 0x00007ffd37257000 	C:\Windows\System32\OLEAUT32.dll
0x00007ffd308b0000 - 0x00007ffd308e2000 	C:\Windows\SYSTEM32\dbgcore.DLL
0x00007ffd34ec0000 - 0x00007ffd34f3b000 	C:\Windows\System32\bcryptPrimitives.dll
0x00007ffd203c0000 - 0x00007ffd203cf000 	c:\Users\john regienald\.vscode\extensions\redhat.java-1.43.0-win32-x64\jre\21.0.7-win32-x86_64\bin\instrument.dll
0x00007ffd20200000 - 0x00007ffd2021f000 	c:\Users\john regienald\.vscode\extensions\redhat.java-1.43.0-win32-x64\jre\21.0.7-win32-x86_64\bin\java.dll
0x00007ffd351f0000 - 0x00007ffd35a92000 	C:\Windows\System32\SHELL32.dll
0x00007ffd34ac0000 - 0x00007ffd34bff000 	C:\Windows\System32\wintypes.dll
0x00007ffd32420000 - 0x00007ffd32d3d000 	C:\Windows\SYSTEM32\windows.storage.dll
0x00007ffd37300000 - 0x00007ffd3740b000 	C:\Windows\System32\SHCORE.dll
0x00007ffd37110000 - 0x00007ffd37179000 	C:\Windows\System32\shlwapi.dll
0x00007ffd34470000 - 0x00007ffd3449b000 	C:\Windows\SYSTEM32\profapi.dll
0x00007ffd1e680000 - 0x00007ffd1e698000 	c:\Users\john regienald\.vscode\extensions\redhat.java-1.43.0-win32-x64\jre\21.0.7-win32-x86_64\bin\zip.dll
0x00007ffd201c0000 - 0x00007ffd201d0000 	C:\Users\john regienald\.vscode\extensions\redhat.java-1.43.0-win32-x64\jre\21.0.7-win32-x86_64\bin\net.dll
0x00007ffd26f90000 - 0x00007ffd270bc000 	C:\Windows\SYSTEM32\WINHTTP.dll
0x00007ffd33ae0000 - 0x00007ffd33b49000 	C:\Windows\system32\mswsock.dll
0x00007ffd09a30000 - 0x00007ffd09a46000 	C:\Users\john regienald\.vscode\extensions\redhat.java-1.43.0-win32-x64\jre\21.0.7-win32-x86_64\bin\nio.dll
0x00007ffd1f130000 - 0x00007ffd1f140000 	c:\Users\john regienald\.vscode\extensions\redhat.java-1.43.0-win32-x64\jre\21.0.7-win32-x86_64\bin\verify.dll
0x00007ffcf8580000 - 0x00007ffcf85c5000 	C:\Users\john regienald\AppData\Roaming\Code\User\globalStorage\redhat.java\1.43.0\config_win\org.eclipse.equinox.launcher\org.eclipse.equinox.launcher.win32.win32.x86_64_1.2.1300.v20250331-1702\eclipse_11911.dll
0x00007ffd36cf0000 - 0x00007ffd36e90000 	C:\Windows\System32\ole32.dll
0x00007ffd33d30000 - 0x00007ffd33d4b000 	C:\Windows\SYSTEM32\CRYPTSP.dll
0x00007ffd33510000 - 0x00007ffd33547000 	C:\Windows\system32\rsaenh.dll
0x00007ffd33bd0000 - 0x00007ffd33bf8000 	C:\Windows\SYSTEM32\USERENV.dll
0x00007ffd33d50000 - 0x00007ffd33d5c000 	C:\Windows\SYSTEM32\CRYPTBASE.dll
0x00007ffd33030000 - 0x00007ffd3305d000 	C:\Windows\SYSTEM32\IPHLPAPI.DLL
0x00007ffd361a0000 - 0x00007ffd361a9000 	C:\Windows\System32\NSI.dll
0x00007ffd1f190000 - 0x00007ffd1f1d9000 	C:\Users\john regienald\AppData\Local\Temp\jna--1742405050\jna16516147808423129817.dll
0x00007ffd372e0000 - 0x00007ffd372e8000 	C:\Windows\System32\PSAPI.DLL
0x00007ffd26090000 - 0x00007ffd260a9000 	C:\Windows\SYSTEM32\dhcpcsvc6.DLL
0x00007ffd26070000 - 0x00007ffd2608f000 	C:\Windows\SYSTEM32\dhcpcsvc.DLL
0x00007ffd336e0000 - 0x00007ffd33714000 	C:\Windows\SYSTEM32\ntmarta.dll
0x00007ffd30360000 - 0x00007ffd30369000 	C:\Users\john regienald\.vscode\extensions\redhat.java-1.43.0-win32-x64\jre\21.0.7-win32-x86_64\bin\extnet.dll

dbghelp: loaded successfully - version: 4.0.5 - missing functions: none
symbol engine: initialized successfully - sym options: 0x614 - pdb path: .;c:\Users\john regienald\.vscode\extensions\redhat.java-1.43.0-win32-x64\jre\21.0.7-win32-x86_64\bin;C:\Windows\SYSTEM32;C:\Windows\WinSxS\amd64_microsoft.windows.common-controls_6595b64144ccf1df_6.0.22621.5413_none_270da5617387a498;c:\Users\john regienald\.vscode\extensions\redhat.java-1.43.0-win32-x64\jre\21.0.7-win32-x86_64\bin\server;C:\Users\john regienald\AppData\Roaming\Code\User\globalStorage\redhat.java\1.43.0\config_win\org.eclipse.equinox.launcher\org.eclipse.equinox.launcher.win32.win32.x86_64_1.2.1300.v20250331-1702;C:\Users\john regienald\AppData\Local\Temp\jna--1742405050

VM Arguments:
jvm_args: --add-modules=ALL-SYSTEM --add-opens=java.base/java.util=ALL-UNNAMED --add-opens=java.base/java.lang=ALL-UNNAMED --add-opens=java.base/sun.nio.fs=ALL-UNNAMED -Declipse.application=org.eclipse.jdt.ls.core.id1 -Dosgi.bundles.defaultStartLevel=4 -Declipse.product=org.eclipse.jdt.ls.core.product -Djava.import.generatesMetadataFilesAtProjectRoot=false -DDetectVMInstallationsJob.disabled=true -Dfile.encoding=utf8 -XX:+UseParallelGC -XX:GCTimeRatio=4 -XX:AdaptiveSizePolicyWeight=90 -Dsun.zip.disableMemoryMapping=true -Xmx2G -Xms100m -Xlog:disable -javaagent:c:\Users\john regienald\.vscode\extensions\redhat.java-1.43.0-win32-x64\lombok\lombok-1.18.39-4050.jar -XX:+HeapDumpOnOutOfMemoryError -XX:HeapDumpPath=c:\Users\john regienald\AppData\Roaming\Code\User\workspaceStorage\05ca6781f81e53cf2cab759ba25f8483\redhat.java -Daether.dependencyCollector.impl=bf 
java_command: c:\Users\john regienald\.vscode\extensions\redhat.java-1.43.0-win32-x64\server\plugins\org.eclipse.equinox.launcher_1.7.0.v20250519-0528.jar -configuration c:\Users\john regienald\AppData\Roaming\Code\User\globalStorage\redhat.java\1.43.0\config_win -data c:\Users\john regienald\AppData\Roaming\Code\User\workspaceStorage\05ca6781f81e53cf2cab759ba25f8483\redhat.java\jdt_ws --pipe=\\.\pipe\lsp-e549a845d3179a0a789d5562f93a9994-sock
java_class_path (initial): c:\Users\john regienald\.vscode\extensions\redhat.java-1.43.0-win32-x64\server\plugins\org.eclipse.equinox.launcher_1.7.0.v20250519-0528.jar
Launcher Type: SUN_STANDARD

[Global flags]
    uintx AdaptiveSizePolicyWeight                 = 90                                        {product} {command line}
     intx CICompilerCount                          = 3                                         {product} {ergonomic}
    uintx GCTimeRatio                              = 4                                         {product} {command line}
     bool HeapDumpOnOutOfMemoryError               = true                                   {manageable} {command line}
    ccstr HeapDumpPath                             = c:\Users\john regienald\AppData\Roaming\Code\User\workspaceStorage\05ca6781f81e53cf2cab759ba25f8483\redhat.java         {manageable} {command line}
   size_t InitialHeapSize                          = 104857600                                 {product} {command line}
   size_t MaxHeapSize                              = 2147483648                                {product} {command line}
   size_t MaxNewSize                               = 715653120                                 {product} {ergonomic}
   size_t MinHeapDeltaBytes                        = 524288                                    {product} {ergonomic}
   size_t MinHeapSize                              = 104857600                                 {product} {command line}
   size_t NewSize                                  = 34603008                                  {product} {ergonomic}
    uintx NonNMethodCodeHeapSize                   = 5832780                                {pd product} {ergonomic}
    uintx NonProfiledCodeHeapSize                  = 122912730                              {pd product} {ergonomic}
   size_t OldSize                                  = 70254592                                  {product} {ergonomic}
    uintx ProfiledCodeHeapSize                     = 122912730                              {pd product} {ergonomic}
    uintx ReservedCodeCacheSize                    = 251658240                              {pd product} {ergonomic}
     bool SegmentedCodeCache                       = true                                      {product} {ergonomic}
   size_t SoftMaxHeapSize                          = 2147483648                             {manageable} {ergonomic}
     bool UseCompressedOops                        = true                           {product lp64_product} {ergonomic}
     bool UseLargePagesIndividualAllocation        = false                                  {pd product} {ergonomic}
     bool UseParallelGC                            = true                                      {product} {command line}

Logging:
Log output configuration:
 #0: stdout all=off uptime,level,tags foldmultilines=false
 #1: stderr all=off uptime,level,tags foldmultilines=false

Environment Variables:
PATH=C:\Program Files\Common Files\Oracle\Java\javapath;C:\Windows\System32\HWAudioDriverLibs;C:\Windows\system32;C:\Windows;C:\Windows\System32\Wbem;C:\Windows\System32\WindowsPowerShell\v1.0\;C:\Windows\System32\OpenSSH\;C:\Users\Administrator\AppData\Local\Microsoft\WindowsApps;C:\Program Files\Git\cmd;C:\Program Files\MySQL\MySQL Router 9.3\bin;C:\Program Files\MySQL\MySQL Shell 8.0\bin\;C:\Users\john regienald\AppData\Local\Microsoft\WindowsApps;;C:\Program Files\JetBrains\PyCharm Community Edition 2023.2.1\bin;;C:\Users\john regienald\AppData\Local\Programs\Microsoft VS Code\bin;C:\Users\john regienald\AppData\Local\Programs\cursor\resources\app\bin
USERNAME=john regienald
OS=Windows_NT
PROCESSOR_IDENTIFIER=Intel64 Family 6 Model 140 Stepping 1, GenuineIntel
TMP=C:\Users\JOHNRE~1\AppData\Local\Temp
TEMP=C:\Users\JOHNRE~1\AppData\Local\Temp




Periodic native trim disabled

---------------  S Y S T E M  ---------------

OS:
 Windows 11 , 64 bit Build 22621 (10.0.22621.5413)
OS uptime: 4 days 1:26 hours
Hyper-V role detected

CPU: total 4 (initial active 4) (2 cores per cpu, 2 threads per core) family 6 model 140 stepping 1 microcode 0xa6, cx8, cmov, fxsr, ht, mmx, 3dnowpref, sse, sse2, sse3, ssse3, sse4.1, sse4.2, popcnt, lzcnt, tsc, tscinvbit, avx, avx2, aes, erms, clmul, bmi1, bmi2, adx, avx512f, avx512dq, avx512cd, avx512bw, avx512vl, sha, fma, vzeroupper, avx512_vpopcntdq, avx512_vpclmulqdq, avx512_vaes, avx512_vnni, clflush, clflushopt, clwb, avx512_vbmi2, avx512_vbmi, hv, rdtscp, rdpid, fsrm, gfni, avx512_bitalg, f16c, cet_ibt, cet_ss, avx512_ifma
Processor Information for processor 0
  Max Mhz: 2995, Current Mhz: 2995, Mhz Limit: 2995
Processor Information for processor 1
  Max Mhz: 2995, Current Mhz: 2995, Mhz Limit: 2995
Processor Information for processor 2
  Max Mhz: 2995, Current Mhz: 998, Mhz Limit: 2995
Processor Information for processor 3
  Max Mhz: 2995, Current Mhz: 2995, Mhz Limit: 2995

Memory: 4k page, system-wide physical 7975M (316M free)
TotalPageFile size 21128M (AvailPageFile size 4M)
current process WorkingSet (physical memory assigned to process): 174M, peak: 850M
current process commit charge ("private bytes"): 1269M, peak: 1288M

vm_info: OpenJDK 64-Bit Server VM (21.0.7+6-LTS) for windows-amd64 JRE (21.0.7+6-LTS), built on 2025-04-15T00:00:00Z by "admin" with MS VC++ 17.7 (VS2022)

END.
