#
# There is insufficient memory for the Java Runtime Environment to continue.
# Native memory allocation (malloc) failed to allocate 1540016 bytes. Error detail: Chunk::new
# Possible reasons:
#   The system is out of physical RAM or swap space
#   This process is running with CompressedOops enabled, and the Java Heap may be blocking the growth of the native heap
# Possible solutions:
#   Reduce memory load on the system
#   Increase physical memory or swap space
#   Check if swap backing store is full
#   Decrease Java heap size (-Xmx/-Xms)
#   Decrease number of Java threads
#   Decrease Java thread stack sizes (-Xss)
#   Set larger code cache with -XX:ReservedCodeCacheSize=
#   JVM is running with Unscaled Compressed Oops mode in which the Java heap is
#     placed in the first 4GB address space. The Java Heap base address is the
#     maximum limit for the native heap growth. Please use -XX:HeapBaseMinAddress
#     to set the Java Heap base and to place the Java Heap above 4GB virtual address.
# This output file may be truncated or incomplete.
#
#  Out of Memory Error (arena.cpp:168), pid=18984, tid=12960
#
# JRE version: OpenJDK Runtime Environment Temurin-21.0.7+6 (21.0.7+6) (build 21.0.7+6-LTS)
# Java VM: OpenJDK 64-Bit Server VM Temurin-21.0.7+6 (21.0.7+6-LTS, mixed mode, sharing, tiered, compressed oops, compressed class ptrs, parallel gc, windows-amd64)
# No core dump will be written. Minidumps are not enabled by default on client versions of Windows
#

---------------  S U M M A R Y ------------

Command Line: --add-modules=ALL-SYSTEM --add-opens=java.base/java.util=ALL-UNNAMED --add-opens=java.base/java.lang=ALL-UNNAMED --add-opens=java.base/sun.nio.fs=ALL-UNNAMED -Declipse.application=org.eclipse.jdt.ls.core.id1 -Dosgi.bundles.defaultStartLevel=4 -Declipse.product=org.eclipse.jdt.ls.core.product -Djava.import.generatesMetadataFilesAtProjectRoot=false -DDetectVMInstallationsJob.disabled=true -Dfile.encoding=utf8 -XX:+UseParallelGC -XX:GCTimeRatio=4 -XX:AdaptiveSizePolicyWeight=90 -Dsun.zip.disableMemoryMapping=true -Xmx2G -Xms100m -Xlog:disable -javaagent:c:\Users\john regienald\.cursor\extensions\redhat.java-1.43.0-win32-x64\lombok\lombok-1.18.39-4050.jar -XX:+HeapDumpOnOutOfMemoryError -XX:HeapDumpPath=c:\Users\john regienald\AppData\Roaming\Cursor\User\workspaceStorage\05ca6781f81e53cf2cab759ba25f8483\redhat.java -Daether.dependencyCollector.impl=bf c:\Users\john regienald\.cursor\extensions\redhat.java-1.43.0-win32-x64\server\plugins\org.eclipse.equinox.launcher_1.7.0.v20250519-0528.jar -configuration c:\Users\john regienald\AppData\Roaming\Cursor\User\globalStorage\redhat.java\1.43.0\config_win -data c:\Users\john regienald\AppData\Roaming\Cursor\User\workspaceStorage\05ca6781f81e53cf2cab759ba25f8483\redhat.java\jdt_ws --pipe=\\.\pipe\lsp-d35927ecc42f55a3b9eb91b778335794-sock

Host: 11th Gen Intel(R) Core(TM) i3-1115G4 @ 3.00GHz, 4 cores, 7G,  Windows 11 , 64 bit Build 22621 (10.0.22621.5413)
Time: Sat Jun 28 16:58:12 2025 Taipei Standard Time elapsed time: 424.583145 seconds (0d 0h 7m 4s)

---------------  T H R E A D  ---------------

Current thread (0x000001bc98144f10):  JavaThread "C2 CompilerThread0" daemon [_thread_in_native, id=12960, stack(0x00000017c8900000,0x00000017c8a00000) (1024K)]


Current CompileTask:
C2:424583 16802       4       org.eclipse.jdt.internal.compiler.classfmt.ModuleInfo::readModuleAttribute (1166 bytes)

Stack: [0x00000017c8900000,0x00000017c8a00000]
Native frames: (J=compiled Java code, j=interpreted, Vv=VM code, C=native code)
V  [jvm.dll+0x6ce119]
V  [jvm.dll+0x8a84a1]
V  [jvm.dll+0x8aa9ce]
V  [jvm.dll+0x8ab0b3]
V  [jvm.dll+0x27f8a6]
V  [jvm.dll+0xc507d]
V  [jvm.dll+0xc55b3]
V  [jvm.dll+0x3b692c]
V  [jvm.dll+0x1dfe33]
V  [jvm.dll+0x247c42]
V  [jvm.dll+0x2470cf]
V  [jvm.dll+0x1c760e]
V  [jvm.dll+0x25695a]
V  [jvm.dll+0x254efa]
V  [jvm.dll+0x3f03f6]
V  [jvm.dll+0x851f6b]
V  [jvm.dll+0x6cc7dd]
C  [ucrtbase.dll+0x29333]
C  [KERNEL32.DLL+0x1259d]
C  [ntdll.dll+0x5af78]


---------------  P R O C E S S  ---------------

Threads class SMR info:
_java_thread_list=0x000001bca20beaf0, length=33, elements={
0x000001bc4058b290, 0x000001bc98139cc0, 0x000001bc9813c860, 0x000001bc9813e850,
0x000001bc9813f760, 0x000001bc98140670, 0x000001bc981440e0, 0x000001bc98144f10,
0x000001bc981b55f0, 0x000001bc9d014070, 0x000001bc9d27b000, 0x000001bc9dbe44a0,
0x000001bc9d08df50, 0x000001bc9d16d120, 0x000001bc9d16d780, 0x000001bc9d9bb050,
0x000001bc9da06a30, 0x000001bc9d8519c0, 0x000001bc9d852050, 0x000001bc9d853400,
0x000001bc9d8526e0, 0x000001bc9d854120, 0x000001bc9d854e40, 0x000001bca00239c0,
0x000001bca00218f0, 0x000001bca0026120, 0x000001bca00246e0, 0x000001bca00267b0,
0x000001bca0020bd0, 0x000001bca001feb0, 0x000001bca0a3af10, 0x000001bca0a35330,
0x000001bca0a3b5a0
}

Java Threads: ( => current thread )
  0x000001bc4058b290 JavaThread "main"                              [_thread_blocked, id=13072, stack(0x00000017c7f00000,0x00000017c8000000) (1024K)]
  0x000001bc98139cc0 JavaThread "Reference Handler"          daemon [_thread_blocked, id=20892, stack(0x00000017c8300000,0x00000017c8400000) (1024K)]
  0x000001bc9813c860 JavaThread "Finalizer"                  daemon [_thread_blocked, id=19868, stack(0x00000017c8400000,0x00000017c8500000) (1024K)]
  0x000001bc9813e850 JavaThread "Signal Dispatcher"          daemon [_thread_blocked, id=17256, stack(0x00000017c8500000,0x00000017c8600000) (1024K)]
  0x000001bc9813f760 JavaThread "Attach Listener"            daemon [_thread_blocked, id=17980, stack(0x00000017c8600000,0x00000017c8700000) (1024K)]
  0x000001bc98140670 JavaThread "Service Thread"             daemon [_thread_blocked, id=12588, stack(0x00000017c8700000,0x00000017c8800000) (1024K)]
  0x000001bc981440e0 JavaThread "Monitor Deflation Thread"   daemon [_thread_blocked, id=5184, stack(0x00000017c8800000,0x00000017c8900000) (1024K)]
=>0x000001bc98144f10 JavaThread "C2 CompilerThread0"         daemon [_thread_in_native, id=12960, stack(0x00000017c8900000,0x00000017c8a00000) (1024K)]
  0x000001bc981b55f0 JavaThread "C1 CompilerThread0"         daemon [_thread_blocked, id=18260, stack(0x00000017c8a00000,0x00000017c8b00000) (1024K)]
  0x000001bc9d014070 JavaThread "Common-Cleaner"             daemon [_thread_blocked, id=19208, stack(0x00000017c8b00000,0x00000017c8c00000) (1024K)]
  0x000001bc9d27b000 JavaThread "Notification Thread"        daemon [_thread_blocked, id=13280, stack(0x00000017c8c00000,0x00000017c8d00000) (1024K)]
  0x000001bc9dbe44a0 JavaThread "Active Thread: Equinox Container: ddccc274-7939-48ef-ad48-a1e2ac48c27c"        [_thread_blocked, id=12832, stack(0x00000017c9100000,0x00000017c9200000) (1024K)]
  0x000001bc9d08df50 JavaThread "Refresh Thread: Equinox Container: ddccc274-7939-48ef-ad48-a1e2ac48c27c" daemon [_thread_blocked, id=11884, stack(0x00000017c8d00000,0x00000017c8e00000) (1024K)]
  0x000001bc9d16d120 JavaThread "Framework Event Dispatcher: Equinox Container: ddccc274-7939-48ef-ad48-a1e2ac48c27c" daemon [_thread_blocked, id=21884, stack(0x00000017c9200000,0x00000017c9300000) (1024K)]
  0x000001bc9d16d780 JavaThread "Start Level: Equinox Container: ddccc274-7939-48ef-ad48-a1e2ac48c27c" daemon [_thread_blocked, id=12996, stack(0x00000017c9300000,0x00000017c9400000) (1024K)]
  0x000001bc9d9bb050 JavaThread "Bundle File Closer"         daemon [_thread_blocked, id=9448, stack(0x00000017c9400000,0x00000017c9500000) (1024K)]
  0x000001bc9da06a30 JavaThread "SCR Component Actor"        daemon [_thread_blocked, id=20856, stack(0x00000017c9500000,0x00000017c9600000) (1024K)]
  0x000001bc9d8519c0 JavaThread "Worker-JM"                         [_thread_blocked, id=21472, stack(0x00000017c9700000,0x00000017c9800000) (1024K)]
  0x000001bc9d852050 JavaThread "JNA Cleaner"                daemon [_thread_blocked, id=22260, stack(0x00000017c9800000,0x00000017c9900000) (1024K)]
  0x000001bc9d853400 JavaThread "Worker-1"                          [_thread_blocked, id=9564, stack(0x00000017c9a00000,0x00000017c9b00000) (1024K)]
  0x000001bc9d8526e0 JavaThread "Java indexing"              daemon [_thread_blocked, id=15100, stack(0x00000017c9c00000,0x00000017c9d00000) (1024K)]
  0x000001bc9d854120 JavaThread "Worker-3"                          [_thread_blocked, id=21648, stack(0x00000017c9e00000,0x00000017c9f00000) (1024K)]
  0x000001bc9d854e40 JavaThread "Thread-2"                   daemon [_thread_in_native, id=3504, stack(0x00000017ca000000,0x00000017ca100000) (1024K)]
  0x000001bca00239c0 JavaThread "Thread-3"                   daemon [_thread_in_native, id=18312, stack(0x00000017ca100000,0x00000017ca200000) (1024K)]
  0x000001bca00218f0 JavaThread "Thread-4"                   daemon [_thread_in_native, id=22308, stack(0x00000017ca200000,0x00000017ca300000) (1024K)]
  0x000001bca0026120 JavaThread "Thread-5"                   daemon [_thread_in_native, id=18872, stack(0x00000017ca300000,0x00000017ca400000) (1024K)]
  0x000001bca00246e0 JavaThread "Thread-6"                   daemon [_thread_in_native, id=10136, stack(0x00000017ca400000,0x00000017ca500000) (1024K)]
  0x000001bca00267b0 JavaThread "pool-2-thread-1"                   [_thread_blocked, id=7928, stack(0x00000017ca500000,0x00000017ca600000) (1024K)]
  0x000001bca0020bd0 JavaThread "WorkspaceEventsHandler"            [_thread_blocked, id=2288, stack(0x00000017ca800000,0x00000017ca900000) (1024K)]
  0x000001bca001feb0 JavaThread "pool-1-thread-1"                   [_thread_blocked, id=15900, stack(0x00000017ca900000,0x00000017caa00000) (1024K)]
  0x000001bca0a3af10 JavaThread "Worker-7"                          [_thread_blocked, id=21704, stack(0x00000017c7e00000,0x00000017c7f00000) (1024K)]
  0x000001bca0a35330 JavaThread "Worker-8"                          [_thread_blocked, id=13556, stack(0x00000017c9600000,0x00000017c9700000) (1024K)]
  0x000001bca0a3b5a0 JavaThread "ForkJoinPool.commonPool-worker-4" daemon [_thread_in_Java, id=8452, stack(0x00000017c9900000,0x00000017c9a00000) (1024K)]
Total: 33

Other Threads:
  0x000001bc4064d4d0 VMThread "VM Thread"                           [id=13028, stack(0x00000017c8200000,0x00000017c8300000) (1024K)]
  0x000001bc405f7ce0 WatcherThread "VM Periodic Task Thread"        [id=19932, stack(0x00000017c8100000,0x00000017c8200000) (1024K)]
  0x000001bc405ab9d0 WorkerThread "GC Thread#0"                     [id=1484, stack(0x00000017c8000000,0x00000017c8100000) (1024K)]
  0x000001bc9d88e9f0 WorkerThread "GC Thread#1"                     [id=21776, stack(0x00000017c8e00000,0x00000017c8f00000) (1024K)]
  0x000001bc9d5991d0 WorkerThread "GC Thread#2"                     [id=18720, stack(0x00000017c8f00000,0x00000017c9000000) (1024K)]
  0x000001bc9d599570 WorkerThread "GC Thread#3"                     [id=17868, stack(0x00000017c9000000,0x00000017c9100000) (1024K)]
Total: 6

Threads with active compile tasks:
C2 CompilerThread0  424622 16802       4       org.eclipse.jdt.internal.compiler.classfmt.ModuleInfo::readModuleAttribute (1166 bytes)
Total: 1

VM state: not at safepoint (normal execution)

VM Mutex/Monitor currently owned by a thread: None

Heap address: 0x0000000080000000, size: 2048 MB, Compressed Oops mode: 32-bit

CDS archive(s) mapped at: [0x000001bc57000000-0x000001bc57ba0000-0x000001bc57ba0000), size 12189696, SharedBaseAddress: 0x000001bc57000000, ArchiveRelocationMode: 1.
Compressed class space mapped at: 0x000001bc58000000-0x000001bc98000000, reserved size: 1073741824
Narrow klass base: 0x000001bc57000000, Narrow klass shift: 0, Narrow klass range: 0x100000000

GC Precious Log:
 CardTable entry size: 512
 CPUs: 4 total, 4 available
 Memory: 7975M
 Large Page Support: Disabled
 NUMA Support: Disabled
 Compressed Oops: Enabled (32-bit)
 Alignments: Space 512K, Generation 512K, Heap 2M
 Heap Min Capacity: 100M
 Heap Initial Capacity: 100M
 Heap Max Capacity: 2G
 Pre-touch: Disabled
 Parallel Workers: 4

Heap:
 PSYoungGen      total 3072K, used 1535K [0x00000000d5580000, 0x00000000d5980000, 0x0000000100000000)
  eden space 2560K, 42% used [0x00000000d5580000,0x00000000d568d430,0x00000000d5800000)
  from space 512K, 89% used [0x00000000d5900000,0x00000000d5972910,0x00000000d5980000)
  to   space 512K, 0% used [0x00000000d5880000,0x00000000d5880000,0x00000000d5900000)
 ParOldGen       total 813568K, used 813550K [0x0000000080000000, 0x00000000b1a80000, 0x00000000d5580000)
  object space 813568K, 99% used [0x0000000080000000,0x00000000b1a7b810,0x00000000b1a80000)
 Metaspace       used 76710K, committed 78528K, reserved 1179648K
  class space    used 7674K, committed 8512K, reserved 1048576K

Card table byte_map: [0x000001bc3ff30000,0x000001bc40340000] _byte_map_base: 0x000001bc3fb30000

Marking Bits: (ParMarkBitMap*) 0x00007ffcba5731f0
 Begin Bits: [0x000001bc52a30000, 0x000001bc54a30000)
 End Bits:   [0x000001bc54a30000, 0x000001bc56a30000)

Polling page: 0x000001bc3e450000

Metaspace:

Usage:
  Non-class:     67.42 MB used.
      Class:      7.50 MB used.
       Both:     74.91 MB used.

Virtual space:
  Non-class space:      128.00 MB reserved,      68.38 MB ( 53%) committed,  2 nodes.
      Class space:        1.00 GB reserved,       8.31 MB ( <1%) committed,  1 nodes.
             Both:        1.12 GB reserved,      76.69 MB (  7%) committed. 

Chunk freelists:
   Non-Class:  11.11 MB
       Class:  7.75 MB
        Both:  18.85 MB

MaxMetaspaceSize: unlimited
CompressedClassSpaceSize: 1.00 GB
Initial GC threshold: 21.00 MB
Current GC threshold: 97.31 MB
CDS: on
 - commit_granule_bytes: 65536.
 - commit_granule_words: 8192.
 - virtual_space_node_default_size: 8388608.
 - enlarge_chunks_in_place: 1.
 - use_allocation_guard: 0.


Internal statistics:

num_allocs_failed_limit: 9.
num_arena_births: 1482.
num_arena_deaths: 14.
num_vsnodes_births: 3.
num_vsnodes_deaths: 0.
num_space_committed: 1227.
num_space_uncommitted: 0.
num_chunks_returned_to_freelist: 23.
num_chunks_taken_from_freelist: 5080.
num_chunk_merges: 7.
num_chunk_splits: 3066.
num_chunks_enlarged: 1695.
num_inconsistent_stats: 0.

CodeHeap 'non-profiled nmethods': size=120000Kb used=15020Kb max_used=15020Kb free=104979Kb
 bounds [0x000001bc4b250000, 0x000001bc4c100000, 0x000001bc52780000]
CodeHeap 'profiled nmethods': size=120000Kb used=38739Kb max_used=38739Kb free=81260Kb
 bounds [0x000001bc43780000, 0x000001bc45d60000, 0x000001bc4acb0000]
CodeHeap 'non-nmethods': size=5760Kb used=1505Kb max_used=1591Kb free=4254Kb
 bounds [0x000001bc4acb0000, 0x000001bc4af20000, 0x000001bc4b250000]
 total_blobs=16727 nmethods=15912 adapters=718
 compilation: enabled
              stopped_count=0, restarted_count=0
 full_count=0

Compilation events (20 events):
Event: 423.353 Thread 0x000001bc981b55f0 nmethod 16793 0x000001bc45d4fa10 code [0x000001bc45d4fd00, 0x000001bc45d50b40]
Event: 423.896 Thread 0x000001bc98144f10 16794       4       java.lang.reflect.Constructor::newInstanceWithCaller (51 bytes)
Event: 423.896 Thread 0x000001bc981b55f0 16795       1       org.eclipse.core.internal.resources.WorkspaceRoot::isHidden (2 bytes)
Event: 423.896 Thread 0x000001bc981b55f0 nmethod 16795 0x000001bc4c0f7b90 code [0x000001bc4c0f7d20, 0x000001bc4c0f7de8]
Event: 423.896 Thread 0x000001bc981b55f0 16796       1       org.eclipse.core.internal.resources.Project::isTeamPrivateMember (2 bytes)
Event: 423.896 Thread 0x000001bc981b55f0 nmethod 16796 0x000001bc4c0f7e90 code [0x000001bc4c0f8020, 0x000001bc4c0f80e8]
Event: 423.900 Thread 0x000001bc98144f10 nmethod 16794 0x000001bc4c0f8190 code [0x000001bc4c0f8340, 0x000001bc4c0f84a8]
Event: 423.900 Thread 0x000001bc98144f10 16797       4       java.net.URI::decode (376 bytes)
Event: 423.905 Thread 0x000001bc981b55f0 16798   !   3       org.eclipse.jdt.apt.core.internal.generatedfile.WorkingCopyCleanupListener::processElementDelta (154 bytes)
Event: 423.915 Thread 0x000001bc981b55f0 nmethod 16798 0x000001bc45d51190 code [0x000001bc45d51520, 0x000001bc45d53158]
Event: 423.915 Thread 0x000001bc981b55f0 16799       3       org.eclipse.core.internal.jobs.JobListeners::queueDone (19 bytes)
Event: 423.916 Thread 0x000001bc981b55f0 nmethod 16799 0x000001bc45d53990 code [0x000001bc45d53b60, 0x000001bc45d53e68]
Event: 423.947 Thread 0x000001bc98144f10 nmethod 16797 0x000001bc4c0f8610 code [0x000001bc4c0f8980, 0x000001bc4c0f9df8]
Event: 423.988 Thread 0x000001bc981b55f0 16800       3       org.eclipse.core.internal.jobs.JobChangeEvent::<init> (36 bytes)
Event: 423.988 Thread 0x000001bc981b55f0 nmethod 16800 0x000001bc45d54010 code [0x000001bc45d541c0, 0x000001bc45d54388]
Event: 423.989 Thread 0x000001bc981b55f0 16801       1       org.eclipse.lsp4j.jsonrpc.messages.IdentifiableMessage::setRawId (6 bytes)
Event: 423.990 Thread 0x000001bc981b55f0 nmethod 16801 0x000001bc4c0fb090 code [0x000001bc4c0fb220, 0x000001bc4c0fb300]
Event: 424.056 Thread 0x000001bc98144f10 16802       4       org.eclipse.jdt.internal.compiler.classfmt.ModuleInfo::readModuleAttribute (1166 bytes)
Event: 424.138 Thread 0x000001bc981b55f0 16803       3       org.eclipse.jdt.internal.compiler.parser.Parser::consumeMethodHeaderExtendedDims (132 bytes)
Event: 424.147 Thread 0x000001bc981b55f0 nmethod 16803 0x000001bc45d54490 code [0x000001bc45d54680, 0x000001bc45d54c90]

GC Heap History (20 events):
Event: 199.092 GC heap before
{Heap before GC invocations=1046 (full 3):
 PSYoungGen      total 3584K, used 3168K [0x00000000d5580000, 0x00000000d5a00000, 0x0000000100000000)
  eden space 2560K, 100% used [0x00000000d5580000,0x00000000d5800000,0x00000000d5800000)
  from space 1024K, 59% used [0x00000000d5900000,0x00000000d5998000,0x00000000d5a00000)
  to   space 1024K, 0% used [0x00000000d5800000,0x00000000d5800000,0x00000000d5900000)
 ParOldGen       total 809472K, used 809285K [0x0000000080000000, 0x00000000b1680000, 0x00000000d5580000)
  object space 809472K, 99% used [0x0000000080000000,0x00000000b1651620,0x00000000b1680000)
 Metaspace       used 76385K, committed 78144K, reserved 1179648K
  class space    used 7648K, committed 8448K, reserved 1048576K
}
Event: 199.097 GC heap after
{Heap after GC invocations=1046 (full 3):
 PSYoungGen      total 3584K, used 506K [0x00000000d5580000, 0x00000000d5a00000, 0x0000000100000000)
  eden space 2560K, 0% used [0x00000000d5580000,0x00000000d5580000,0x00000000d5800000)
  from space 1024K, 49% used [0x00000000d5800000,0x00000000d587e900,0x00000000d5900000)
  to   space 1024K, 0% used [0x00000000d5900000,0x00000000d5900000,0x00000000d5a00000)
 ParOldGen       total 809984K, used 809835K [0x0000000080000000, 0x00000000b1700000, 0x00000000d5580000)
  object space 809984K, 99% used [0x0000000080000000,0x00000000b16daf90,0x00000000b1700000)
 Metaspace       used 76385K, committed 78144K, reserved 1179648K
  class space    used 7648K, committed 8448K, reserved 1048576K
}
Event: 199.142 GC heap before
{Heap before GC invocations=1047 (full 3):
 PSYoungGen      total 3584K, used 3066K [0x00000000d5580000, 0x00000000d5a00000, 0x0000000100000000)
  eden space 2560K, 100% used [0x00000000d5580000,0x00000000d5800000,0x00000000d5800000)
  from space 1024K, 49% used [0x00000000d5800000,0x00000000d587e900,0x00000000d5900000)
  to   space 1024K, 0% used [0x00000000d5900000,0x00000000d5900000,0x00000000d5a00000)
 ParOldGen       total 809984K, used 809835K [0x0000000080000000, 0x00000000b1700000, 0x00000000d5580000)
  object space 809984K, 99% used [0x0000000080000000,0x00000000b16daf90,0x00000000b1700000)
 Metaspace       used 76385K, committed 78144K, reserved 1179648K
  class space    used 7648K, committed 8448K, reserved 1048576K
}
Event: 199.144 GC heap after
{Heap after GC invocations=1047 (full 3):
 PSYoungGen      total 3072K, used 448K [0x00000000d5580000, 0x00000000d5980000, 0x0000000100000000)
  eden space 2560K, 0% used [0x00000000d5580000,0x00000000d5580000,0x00000000d5800000)
  from space 512K, 87% used [0x00000000d5900000,0x00000000d5970000,0x00000000d5980000)
  to   space 512K, 0% used [0x00000000d5880000,0x00000000d5880000,0x00000000d5900000)
 ParOldGen       total 810496K, used 810296K [0x0000000080000000, 0x00000000b1780000, 0x00000000d5580000)
  object space 810496K, 99% used [0x0000000080000000,0x00000000b174e1a0,0x00000000b1780000)
 Metaspace       used 76385K, committed 78144K, reserved 1179648K
  class space    used 7648K, committed 8448K, reserved 1048576K
}
Event: 203.199 GC heap before
{Heap before GC invocations=1048 (full 3):
 PSYoungGen      total 3072K, used 3008K [0x00000000d5580000, 0x00000000d5980000, 0x0000000100000000)
  eden space 2560K, 100% used [0x00000000d5580000,0x00000000d5800000,0x00000000d5800000)
  from space 512K, 87% used [0x00000000d5900000,0x00000000d5970000,0x00000000d5980000)
  to   space 512K, 0% used [0x00000000d5880000,0x00000000d5880000,0x00000000d5900000)
 ParOldGen       total 810496K, used 810296K [0x0000000080000000, 0x00000000b1780000, 0x00000000d5580000)
  object space 810496K, 99% used [0x0000000080000000,0x00000000b174e1a0,0x00000000b1780000)
 Metaspace       used 76394K, committed 78208K, reserved 1179648K
  class space    used 7648K, committed 8448K, reserved 1048576K
}
Event: 203.204 GC heap after
{Heap after GC invocations=1048 (full 3):
 PSYoungGen      total 3072K, used 500K [0x00000000d5580000, 0x00000000d5a00000, 0x0000000100000000)
  eden space 2560K, 0% used [0x00000000d5580000,0x00000000d5580000,0x00000000d5800000)
  from space 512K, 97% used [0x00000000d5880000,0x00000000d58fd200,0x00000000d5900000)
  to   space 1024K, 0% used [0x00000000d5900000,0x00000000d5900000,0x00000000d5a00000)
 ParOldGen       total 811008K, used 810734K [0x0000000080000000, 0x00000000b1800000, 0x00000000d5580000)
  object space 811008K, 99% used [0x0000000080000000,0x00000000b17bb990,0x00000000b1800000)
 Metaspace       used 76394K, committed 78208K, reserved 1179648K
  class space    used 7648K, committed 8448K, reserved 1048576K
}
Event: 203.229 GC heap before
{Heap before GC invocations=1049 (full 3):
 PSYoungGen      total 3072K, used 3060K [0x00000000d5580000, 0x00000000d5a00000, 0x0000000100000000)
  eden space 2560K, 100% used [0x00000000d5580000,0x00000000d5800000,0x00000000d5800000)
  from space 512K, 97% used [0x00000000d5880000,0x00000000d58fd200,0x00000000d5900000)
  to   space 1024K, 0% used [0x00000000d5900000,0x00000000d5900000,0x00000000d5a00000)
 ParOldGen       total 811008K, used 810734K [0x0000000080000000, 0x00000000b1800000, 0x00000000d5580000)
  object space 811008K, 99% used [0x0000000080000000,0x00000000b17bb990,0x00000000b1800000)
 Metaspace       used 76396K, committed 78208K, reserved 1179648K
  class space    used 7648K, committed 8448K, reserved 1048576K
}
Event: 203.232 GC heap after
{Heap after GC invocations=1049 (full 3):
 PSYoungGen      total 3584K, used 544K [0x00000000d5580000, 0x00000000d5a00000, 0x0000000100000000)
  eden space 2560K, 0% used [0x00000000d5580000,0x00000000d5580000,0x00000000d5800000)
  from space 1024K, 53% used [0x00000000d5900000,0x00000000d5988000,0x00000000d5a00000)
  to   space 1024K, 0% used [0x00000000d5800000,0x00000000d5800000,0x00000000d5900000)
 ParOldGen       total 811520K, used 811191K [0x0000000080000000, 0x00000000b1880000, 0x00000000d5580000)
  object space 811520K, 99% used [0x0000000080000000,0x00000000b182dd30,0x00000000b1880000)
 Metaspace       used 76396K, committed 78208K, reserved 1179648K
  class space    used 7648K, committed 8448K, reserved 1048576K
}
Event: 206.361 GC heap before
{Heap before GC invocations=1050 (full 3):
 PSYoungGen      total 3584K, used 3104K [0x00000000d5580000, 0x00000000d5a00000, 0x0000000100000000)
  eden space 2560K, 100% used [0x00000000d5580000,0x00000000d5800000,0x00000000d5800000)
  from space 1024K, 53% used [0x00000000d5900000,0x00000000d5988000,0x00000000d5a00000)
  to   space 1024K, 0% used [0x00000000d5800000,0x00000000d5800000,0x00000000d5900000)
 ParOldGen       total 811520K, used 811191K [0x0000000080000000, 0x00000000b1880000, 0x00000000d5580000)
  object space 811520K, 99% used [0x0000000080000000,0x00000000b182dd30,0x00000000b1880000)
 Metaspace       used 76403K, committed 78208K, reserved 1179648K
  class space    used 7648K, committed 8448K, reserved 1048576K
}
Event: 206.364 GC heap after
{Heap after GC invocations=1050 (full 3):
 PSYoungGen      total 3584K, used 688K [0x00000000d5580000, 0x00000000d5a00000, 0x0000000100000000)
  eden space 2560K, 0% used [0x00000000d5580000,0x00000000d5580000,0x00000000d5800000)
  from space 1024K, 67% used [0x00000000d5800000,0x00000000d58ac010,0x00000000d5900000)
  to   space 1024K, 0% used [0x00000000d5900000,0x00000000d5900000,0x00000000d5a00000)
 ParOldGen       total 812032K, used 811667K [0x0000000080000000, 0x00000000b1900000, 0x00000000d5580000)
  object space 812032K, 99% used [0x0000000080000000,0x00000000b18a4d60,0x00000000b1900000)
 Metaspace       used 76403K, committed 78208K, reserved 1179648K
  class space    used 7648K, committed 8448K, reserved 1048576K
}
Event: 206.377 GC heap before
{Heap before GC invocations=1051 (full 3):
 PSYoungGen      total 3584K, used 3248K [0x00000000d5580000, 0x00000000d5a00000, 0x0000000100000000)
  eden space 2560K, 100% used [0x00000000d5580000,0x00000000d5800000,0x00000000d5800000)
  from space 1024K, 67% used [0x00000000d5800000,0x00000000d58ac010,0x00000000d5900000)
  to   space 1024K, 0% used [0x00000000d5900000,0x00000000d5900000,0x00000000d5a00000)
 ParOldGen       total 812032K, used 811667K [0x0000000080000000, 0x00000000b1900000, 0x00000000d5580000)
  object space 812032K, 99% used [0x0000000080000000,0x00000000b18a4d60,0x00000000b1900000)
 Metaspace       used 76403K, committed 78208K, reserved 1179648K
  class space    used 7648K, committed 8448K, reserved 1048576K
}
Event: 206.380 GC heap after
{Heap after GC invocations=1051 (full 3):
 PSYoungGen      total 3584K, used 548K [0x00000000d5580000, 0x00000000d5a00000, 0x0000000100000000)
  eden space 2560K, 0% used [0x00000000d5580000,0x00000000d5580000,0x00000000d5800000)
  from space 1024K, 53% used [0x00000000d5900000,0x00000000d5989210,0x00000000d5a00000)
  to   space 1024K, 0% used [0x00000000d5800000,0x00000000d5800000,0x00000000d5900000)
 ParOldGen       total 812544K, used 812186K [0x0000000080000000, 0x00000000b1980000, 0x00000000d5580000)
  object space 812544K, 99% used [0x0000000080000000,0x00000000b1926940,0x00000000b1980000)
 Metaspace       used 76403K, committed 78208K, reserved 1179648K
  class space    used 7648K, committed 8448K, reserved 1048576K
}
Event: 206.398 GC heap before
{Heap before GC invocations=1052 (full 3):
 PSYoungGen      total 3584K, used 3105K [0x00000000d5580000, 0x00000000d5a00000, 0x0000000100000000)
  eden space 2560K, 99% used [0x00000000d5580000,0x00000000d57ff578,0x00000000d5800000)
  from space 1024K, 53% used [0x00000000d5900000,0x00000000d5989210,0x00000000d5a00000)
  to   space 1024K, 0% used [0x00000000d5800000,0x00000000d5800000,0x00000000d5900000)
 ParOldGen       total 812544K, used 812186K [0x0000000080000000, 0x00000000b1980000, 0x00000000d5580000)
  object space 812544K, 99% used [0x0000000080000000,0x00000000b1926940,0x00000000b1980000)
 Metaspace       used 76434K, committed 78208K, reserved 1179648K
  class space    used 7648K, committed 8448K, reserved 1048576K
}
Event: 206.402 GC heap after
{Heap after GC invocations=1052 (full 3):
 PSYoungGen      total 3584K, used 448K [0x00000000d5580000, 0x00000000d5980000, 0x0000000100000000)
  eden space 2560K, 0% used [0x00000000d5580000,0x00000000d5580000,0x00000000d5800000)
  from space 1024K, 43% used [0x00000000d5800000,0x00000000d5870000,0x00000000d5900000)
  to   space 512K, 0% used [0x00000000d5900000,0x00000000d5900000,0x00000000d5980000)
 ParOldGen       total 813056K, used 812710K [0x0000000080000000, 0x00000000b1a00000, 0x00000000d5580000)
  object space 813056K, 99% used [0x0000000080000000,0x00000000b19a9b70,0x00000000b1a00000)
 Metaspace       used 76434K, committed 78208K, reserved 1179648K
  class space    used 7648K, committed 8448K, reserved 1048576K
}
Event: 343.732 GC heap before
{Heap before GC invocations=1053 (full 3):
 PSYoungGen      total 3584K, used 3007K [0x00000000d5580000, 0x00000000d5980000, 0x0000000100000000)
  eden space 2560K, 99% used [0x00000000d5580000,0x00000000d57fffb0,0x00000000d5800000)
  from space 1024K, 43% used [0x00000000d5800000,0x00000000d5870000,0x00000000d5900000)
  to   space 512K, 0% used [0x00000000d5900000,0x00000000d5900000,0x00000000d5980000)
 ParOldGen       total 813056K, used 812710K [0x0000000080000000, 0x00000000b1a00000, 0x00000000d5580000)
  object space 813056K, 99% used [0x0000000080000000,0x00000000b19a9b70,0x00000000b1a00000)
 Metaspace       used 76661K, committed 78400K, reserved 1179648K
  class space    used 7668K, committed 8448K, reserved 1048576K
}
Event: 343.756 GC heap after
{Heap after GC invocations=1053 (full 3):
 PSYoungGen      total 3072K, used 448K [0x00000000d5580000, 0x00000000d5980000, 0x0000000100000000)
  eden space 2560K, 0% used [0x00000000d5580000,0x00000000d5580000,0x00000000d5800000)
  from space 512K, 87% used [0x00000000d5900000,0x00000000d5970000,0x00000000d5980000)
  to   space 512K, 0% used [0x00000000d5880000,0x00000000d5880000,0x00000000d5900000)
 ParOldGen       total 813568K, used 813062K [0x0000000080000000, 0x00000000b1a80000, 0x00000000d5580000)
  object space 813568K, 99% used [0x0000000080000000,0x00000000b1a01b70,0x00000000b1a80000)
 Metaspace       used 76661K, committed 78400K, reserved 1179648K
  class space    used 7668K, committed 8448K, reserved 1048576K
}
Event: 424.041 GC heap before
{Heap before GC invocations=1054 (full 3):
 PSYoungGen      total 3072K, used 3007K [0x00000000d5580000, 0x00000000d5980000, 0x0000000100000000)
  eden space 2560K, 99% used [0x00000000d5580000,0x00000000d57ffff0,0x00000000d5800000)
  from space 512K, 87% used [0x00000000d5900000,0x00000000d5970000,0x00000000d5980000)
  to   space 512K, 0% used [0x00000000d5880000,0x00000000d5880000,0x00000000d5900000)
 ParOldGen       total 813568K, used 813062K [0x0000000080000000, 0x00000000b1a80000, 0x00000000d5580000)
  object space 813568K, 99% used [0x0000000080000000,0x00000000b1a01b70,0x00000000b1a80000)
 Metaspace       used 76710K, committed 78528K, reserved 1179648K
  class space    used 7674K, committed 8512K, reserved 1048576K
}
Event: 424.055 GC heap after
{Heap after GC invocations=1054 (full 3):
 PSYoungGen      total 3072K, used 272K [0x00000000d5580000, 0x00000000d5980000, 0x0000000100000000)
  eden space 2560K, 0% used [0x00000000d5580000,0x00000000d5580000,0x00000000d5800000)
  from space 512K, 53% used [0x00000000d5880000,0x00000000d58c4030,0x00000000d5900000)
  to   space 512K, 0% used [0x00000000d5900000,0x00000000d5900000,0x00000000d5980000)
 ParOldGen       total 813568K, used 813417K [0x0000000080000000, 0x00000000b1a80000, 0x00000000d5580000)
  object space 813568K, 99% used [0x0000000080000000,0x00000000b1a5a570,0x00000000b1a80000)
 Metaspace       used 76710K, committed 78528K, reserved 1179648K
  class space    used 7674K, committed 8512K, reserved 1048576K
}
Event: 424.161 GC heap before
{Heap before GC invocations=1055 (full 3):
 PSYoungGen      total 3072K, used 2832K [0x00000000d5580000, 0x00000000d5980000, 0x0000000100000000)
  eden space 2560K, 100% used [0x00000000d5580000,0x00000000d5800000,0x00000000d5800000)
  from space 512K, 53% used [0x00000000d5880000,0x00000000d58c4030,0x00000000d5900000)
  to   space 512K, 0% used [0x00000000d5900000,0x00000000d5900000,0x00000000d5980000)
 ParOldGen       total 813568K, used 813417K [0x0000000080000000, 0x00000000b1a80000, 0x00000000d5580000)
  object space 813568K, 99% used [0x0000000080000000,0x00000000b1a5a570,0x00000000b1a80000)
 Metaspace       used 76710K, committed 78528K, reserved 1179648K
  class space    used 7674K, committed 8512K, reserved 1048576K
}
Event: 424.169 GC heap after
{Heap after GC invocations=1055 (full 3):
 PSYoungGen      total 3072K, used 458K [0x00000000d5580000, 0x00000000d5980000, 0x0000000100000000)
  eden space 2560K, 0% used [0x00000000d5580000,0x00000000d5580000,0x00000000d5800000)
  from space 512K, 89% used [0x00000000d5900000,0x00000000d5972910,0x00000000d5980000)
  to   space 512K, 0% used [0x00000000d5880000,0x00000000d5880000,0x00000000d5900000)
 ParOldGen       total 813568K, used 813550K [0x0000000080000000, 0x00000000b1a80000, 0x00000000d5580000)
  object space 813568K, 99% used [0x0000000080000000,0x00000000b1a7b810,0x00000000b1a80000)
 Metaspace       used 76710K, committed 78528K, reserved 1179648K
  class space    used 7674K, committed 8512K, reserved 1048576K
}

Dll operation events (12 events):
Event: 0.063 Loaded shared library c:\Users\john regienald\.cursor\extensions\redhat.java-1.43.0-win32-x64\jre\21.0.7-win32-x86_64\bin\java.dll
Event: 0.448 Loaded shared library c:\Users\john regienald\.cursor\extensions\redhat.java-1.43.0-win32-x64\jre\21.0.7-win32-x86_64\bin\zip.dll
Event: 0.481 Loaded shared library C:\Users\john regienald\.cursor\extensions\redhat.java-1.43.0-win32-x64\jre\21.0.7-win32-x86_64\bin\instrument.dll
Event: 0.486 Loaded shared library C:\Users\john regienald\.cursor\extensions\redhat.java-1.43.0-win32-x64\jre\21.0.7-win32-x86_64\bin\net.dll
Event: 0.558 Loaded shared library C:\Users\john regienald\.cursor\extensions\redhat.java-1.43.0-win32-x64\jre\21.0.7-win32-x86_64\bin\nio.dll
Event: 0.566 Loaded shared library C:\Users\john regienald\.cursor\extensions\redhat.java-1.43.0-win32-x64\jre\21.0.7-win32-x86_64\bin\zip.dll
Event: 0.608 Loaded shared library C:\Users\john regienald\.cursor\extensions\redhat.java-1.43.0-win32-x64\jre\21.0.7-win32-x86_64\bin\jimage.dll
Event: 0.789 Loaded shared library c:\Users\john regienald\.cursor\extensions\redhat.java-1.43.0-win32-x64\jre\21.0.7-win32-x86_64\bin\verify.dll
Event: 11.720 Loaded shared library C:\Users\john regienald\AppData\Roaming\Cursor\User\globalStorage\redhat.java\1.43.0\config_win\org.eclipse.equinox.launcher\org.eclipse.equinox.launcher.win32.win32.x86_64_1.2.1300.v20250331-1702\eclipse_11911.dll
Event: 36.455 Loaded shared library C:\Users\john regienald\AppData\Local\Temp\jna--1742405050\jna5702802284862302741.dll
Event: 40.396 Loaded shared library C:\Users\john regienald\.cursor\extensions\redhat.java-1.43.0-win32-x64\jre\21.0.7-win32-x86_64\bin\sunmscapi.dll
Event: 40.864 Loaded shared library C:\Users\john regienald\.cursor\extensions\redhat.java-1.43.0-win32-x64\jre\21.0.7-win32-x86_64\bin\extnet.dll

Deoptimization events (20 events):
Event: 343.790 Thread 0x000001bc9d854120 Uncommon trap: trap_request=0xffffffc6 fr.pc=0x000001bc4b42bed4 relative=0x0000000000000a34
Event: 343.790 Thread 0x000001bc9d854120 Uncommon trap: reason=bimorphic_or_optimized_type_check action=maybe_recompile pc=0x000001bc4b42bed4 method=java.io.DataOutputStream.writeInt(I)V @ 19 c2
Event: 343.790 Thread 0x000001bc9d854120 DEOPT PACKING pc=0x000001bc4b42bed4 sp=0x00000017c9efe840
Event: 343.790 Thread 0x000001bc9d854120 DEOPT UNPACKING pc=0x000001bc4ad06da2 sp=0x00000017c9efe838 mode 2
Event: 343.790 Thread 0x000001bc9d854120 Uncommon trap: trap_request=0xffffffc6 fr.pc=0x000001bc4ba84300 relative=0x00000000000015e0
Event: 343.790 Thread 0x000001bc9d854120 Uncommon trap: reason=bimorphic_or_optimized_type_check action=maybe_recompile pc=0x000001bc4ba84300 method=java.io.DataOutputStream.write([BII)V @ 7 c2
Event: 343.790 Thread 0x000001bc9d854120 DEOPT PACKING pc=0x000001bc4ba84300 sp=0x00000017c9efe890
Event: 343.790 Thread 0x000001bc9d854120 DEOPT UNPACKING pc=0x000001bc4ad06da2 sp=0x00000017c9efe7f0 mode 2
Event: 343.790 Thread 0x000001bc9d854120 Uncommon trap: trap_request=0xffffffc6 fr.pc=0x000001bc4ba84300 relative=0x00000000000015e0
Event: 343.790 Thread 0x000001bc9d854120 Uncommon trap: reason=bimorphic_or_optimized_type_check action=maybe_recompile pc=0x000001bc4ba84300 method=java.io.DataOutputStream.write([BII)V @ 7 c2
Event: 343.790 Thread 0x000001bc9d854120 DEOPT PACKING pc=0x000001bc4ba84300 sp=0x00000017c9efe890
Event: 343.790 Thread 0x000001bc9d854120 DEOPT UNPACKING pc=0x000001bc4ad06da2 sp=0x00000017c9efe7f0 mode 2
Event: 343.792 Thread 0x000001bc9d854120 Uncommon trap: trap_request=0xffffffc6 fr.pc=0x000001bc4b42938c relative=0x000000000000176c
Event: 343.792 Thread 0x000001bc9d854120 Uncommon trap: reason=bimorphic_or_optimized_type_check action=maybe_recompile pc=0x000001bc4b42938c method=java.io.DataOutputStream.write([BII)V @ 7 c2
Event: 343.792 Thread 0x000001bc9d854120 DEOPT PACKING pc=0x000001bc4b42938c sp=0x00000017c9efe440
Event: 343.792 Thread 0x000001bc9d854120 DEOPT UNPACKING pc=0x000001bc4ad06da2 sp=0x00000017c9efe3a0 mode 2
Event: 343.793 Thread 0x000001bc9d854120 Uncommon trap: trap_request=0xffffffc6 fr.pc=0x000001bc4b6c3ee0 relative=0x0000000000001260
Event: 343.793 Thread 0x000001bc9d854120 Uncommon trap: reason=bimorphic_or_optimized_type_check action=maybe_recompile pc=0x000001bc4b6c3ee0 method=java.io.DataOutputStream.write([BII)V @ 7 c2
Event: 343.793 Thread 0x000001bc9d854120 DEOPT PACKING pc=0x000001bc4b6c3ee0 sp=0x00000017c9efe440
Event: 343.793 Thread 0x000001bc9d854120 DEOPT UNPACKING pc=0x000001bc4ad06da2 sp=0x00000017c9efe3a0 mode 2

Classes loaded (20 events):
Event: 81.749 Loading class java/lang/invoke/MethodHandleImpl$CountingWrapper$1
Event: 81.750 Loading class java/lang/invoke/MethodHandleImpl$CountingWrapper$1 done
Event: 92.285 Loading class sun/nio/fs/WindowsFileCopy
Event: 92.305 Loading class sun/nio/fs/WindowsFileCopy done
Event: 343.428 Loading class java/util/stream/Nodes$CollectorTask$OfRef
Event: 343.438 Loading class java/util/stream/Nodes$CollectorTask
Event: 343.446 Loading class java/util/stream/Nodes$CollectorTask done
Event: 343.447 Loading class java/util/stream/Nodes$CollectorTask$OfRef done
Event: 343.449 Loading class java/util/function/LongFunction
Event: 343.452 Loading class java/util/function/LongFunction done
Event: 343.458 Loading class java/util/stream/Nodes$ConcNode
Event: 343.460 Loading class java/util/stream/Nodes$AbstractConcNode
Event: 343.464 Loading class java/util/stream/Nodes$AbstractConcNode done
Event: 343.464 Loading class java/util/stream/Nodes$ConcNode done
Event: 343.583 Loading class java/io/ObjectOutputStream$BlockDataOutputStream
Event: 343.590 Loading class java/io/ObjectOutputStream$BlockDataOutputStream done
Event: 343.591 Loading class java/io/ObjectOutputStream$HandleTable
Event: 343.593 Loading class java/io/ObjectOutputStream$HandleTable done
Event: 343.594 Loading class java/io/ObjectOutputStream$ReplaceTable
Event: 343.595 Loading class java/io/ObjectOutputStream$ReplaceTable done

Classes unloaded (7 events):
Event: 37.530 Thread 0x000001bc4064d4d0 Unloading class 0x000001bc581a4800 'java/lang/invoke/LambdaForm$MH+0x000001bc581a4800'
Event: 37.530 Thread 0x000001bc4064d4d0 Unloading class 0x000001bc581a4400 'java/lang/invoke/LambdaForm$MH+0x000001bc581a4400'
Event: 37.530 Thread 0x000001bc4064d4d0 Unloading class 0x000001bc581a4000 'java/lang/invoke/LambdaForm$MH+0x000001bc581a4000'
Event: 37.530 Thread 0x000001bc4064d4d0 Unloading class 0x000001bc581a3c00 'java/lang/invoke/LambdaForm$MH+0x000001bc581a3c00'
Event: 37.530 Thread 0x000001bc4064d4d0 Unloading class 0x000001bc581a3800 'java/lang/invoke/LambdaForm$BMH+0x000001bc581a3800'
Event: 37.530 Thread 0x000001bc4064d4d0 Unloading class 0x000001bc581a3400 'java/lang/invoke/LambdaForm$DMH+0x000001bc581a3400'
Event: 37.530 Thread 0x000001bc4064d4d0 Unloading class 0x000001bc581a2000 'java/lang/invoke/LambdaForm$DMH+0x000001bc581a2000'

Classes redefined (0 events):
No events

Internal exceptions (20 events):
Event: 122.250 Thread 0x000001bc9d854120 Exception <a 'sun/nio/fs/WindowsException'{0x00000000d5580300}> (0x00000000d5580300) 
thrown [s\src\hotspot\share\prims\jni.cpp, line 520]
Event: 122.251 Thread 0x000001bc9d854120 Exception <a 'sun/nio/fs/WindowsException'{0x00000000d5580b70}> (0x00000000d5580b70) 
thrown [s\src\hotspot\share\prims\jni.cpp, line 520]
Event: 122.281 Thread 0x000001bc9d854120 Exception <a 'java/lang/NoSuchMethodError'{0x00000000d56bee60}: 'java.lang.Object java.lang.invoke.Invokers$Holder.linkToTargetMethod(java.lang.Object, java.lang.Object, int, int, java.lang.Object)'> (0x00000000d56bee60) 
thrown [s\src\hotspot\share\interpreter\linkResolver.cpp, line 773]
Event: 122.360 Thread 0x000001bc9d854120 Exception <a 'java/lang/NoSuchMethodError'{0x00000000d5638e20}: method resolution failed> (0x00000000d5638e20) 
thrown [s\src\hotspot\share\prims\methodHandles.cpp, line 1144]
Event: 122.372 Thread 0x000001bca0a3c2c0 Exception <a 'sun/nio/fs/WindowsException'{0x00000000d566bf28}> (0x00000000d566bf28) 
thrown [s\src\hotspot\share\prims\jni.cpp, line 520]
Event: 122.372 Thread 0x000001bca0a3c2c0 Exception <a 'sun/nio/fs/WindowsException'{0x00000000d566c828}> (0x00000000d566c828) 
thrown [s\src\hotspot\share\prims\jni.cpp, line 520]
Event: 122.373 Thread 0x000001bca0a3c2c0 Exception <a 'sun/nio/fs/WindowsException'{0x00000000d566de60}> (0x00000000d566de60) 
thrown [s\src\hotspot\share\prims\jni.cpp, line 520]
Event: 122.373 Thread 0x000001bca0a3c2c0 Exception <a 'sun/nio/fs/WindowsException'{0x00000000d566f8f8}> (0x00000000d566f8f8) 
thrown [s\src\hotspot\share\prims\jni.cpp, line 520]
Event: 122.374 Thread 0x000001bca0a3c2c0 Exception <a 'sun/nio/fs/WindowsException'{0x00000000d567f268}> (0x00000000d567f268) 
thrown [s\src\hotspot\share\prims\jni.cpp, line 520]
Event: 122.374 Thread 0x000001bca0a3c2c0 Exception <a 'sun/nio/fs/WindowsException'{0x00000000d5680830}> (0x00000000d5680830) 
thrown [s\src\hotspot\share\prims\jni.cpp, line 520]
Event: 122.376 Thread 0x000001bca0a38120 Implicit null exception at 0x000001bc4c01c39a to 0x000001bc4c01ccb0
Event: 122.376 Thread 0x000001bca0a38120 Implicit null exception at 0x000001bc4bd011e2 to 0x000001bc4bd01c64
Event: 122.399 Thread 0x000001bc9d853400 Exception <a 'sun/nio/fs/WindowsException'{0x00000000d55a6590}> (0x00000000d55a6590) 
thrown [s\src\hotspot\share\prims\jni.cpp, line 520]
Event: 122.399 Thread 0x000001bc9d853400 Exception <a 'sun/nio/fs/WindowsException'{0x00000000d55a6e18}> (0x00000000d55a6e18) 
thrown [s\src\hotspot\share\prims\jni.cpp, line 520]
Event: 122.537 Thread 0x000001bca0a3c2c0 Exception <a 'sun/nio/fs/WindowsException'{0x00000000d55b32e8}> (0x00000000d55b32e8) 
thrown [s\src\hotspot\share\prims\jni.cpp, line 520]
Event: 122.537 Thread 0x000001bca0a3c2c0 Exception <a 'sun/nio/fs/WindowsException'{0x00000000d55b3e20}> (0x00000000d55b3e20) 
thrown [s\src\hotspot\share\prims\jni.cpp, line 520]
Event: 123.378 Thread 0x000001bca0a38120 Implicit null exception at 0x000001bc4bcfee43 to 0x000001bc4bcff304
Event: 191.177 Thread 0x000001bca001feb0 Exception <a 'java/lang/IncompatibleClassChangeError'{0x00000000d56133e8}: Found class java.lang.Object, but interface was expected> (0x00000000d56133e8) 
thrown [s\src\hotspot\share\interpreter\linkResolver.cpp, line 840]
Event: 343.773 Thread 0x000001bc9d854120 Exception <a 'java/lang/NoSuchMethodError'{0x00000000d55a4740}: static [J.<clinit>()V> (0x00000000d55a4740) 
thrown [s\src\hotspot\share\prims\jni.cpp, line 1111]
Event: 343.807 Thread 0x000001bc9d854120 Exception <a 'java/lang/NoSuchMethodError'{0x00000000d55dbf10}: 'java.lang.Object java.lang.invoke.DirectMethodHandle$Holder.newInvokeSpecial(java.lang.Object, java.lang.Object, java.lang.Object, java.lang.Object, java.lang.Object, java.lang.Object, java.lang.Object, java.lang.Object)'> (0x00000000d55dbf10) 
thrown [s\src\hotspot\share\interpreter\linkResolver.cpp, line 773]

ZGC Phase Switch (0 events):
No events

VM Operations (20 events):
Event: 343.732 Executing VM operation: ParallelGCFailedAllocation (Allocation Failure)
Event: 343.756 Executing VM operation: ParallelGCFailedAllocation (Allocation Failure) done
Event: 343.998 Executing VM operation: HandshakeAllThreads (Deoptimize)
Event: 343.998 Executing VM operation: HandshakeAllThreads (Deoptimize) done
Event: 345.000 Executing VM operation: Cleanup
Event: 345.000 Executing VM operation: Cleanup done
Event: 361.188 Executing VM operation: HandshakeAllThreads (HandshakeForDeflation)
Event: 361.188 Executing VM operation: HandshakeAllThreads (HandshakeForDeflation) done
Event: 361.188 Executing VM operation: RendezvousGCThreads
Event: 361.188 Executing VM operation: RendezvousGCThreads done
Event: 382.317 Executing VM operation: Cleanup
Event: 382.317 Executing VM operation: Cleanup done
Event: 421.255 Executing VM operation: HandshakeAllThreads (HandshakeForDeflation)
Event: 421.255 Executing VM operation: HandshakeAllThreads (HandshakeForDeflation) done
Event: 421.255 Executing VM operation: RendezvousGCThreads
Event: 421.255 Executing VM operation: RendezvousGCThreads done
Event: 424.041 Executing VM operation: ParallelGCFailedAllocation (Allocation Failure)
Event: 424.055 Executing VM operation: ParallelGCFailedAllocation (Allocation Failure) done
Event: 424.161 Executing VM operation: ParallelGCFailedAllocation (Allocation Failure)
Event: 424.169 Executing VM operation: ParallelGCFailedAllocation (Allocation Failure) done

Memory protections (0 events):
No events

Nmethod flushes (20 events):
Event: 45.619 Thread 0x000001bc4064d4d0 flushing  nmethod 0x000001bc440e3f90
Event: 45.619 Thread 0x000001bc4064d4d0 flushing  nmethod 0x000001bc440e4b90
Event: 45.619 Thread 0x000001bc4064d4d0 flushing  nmethod 0x000001bc440e5d90
Event: 45.619 Thread 0x000001bc4064d4d0 flushing  nmethod 0x000001bc440e6290
Event: 45.619 Thread 0x000001bc4064d4d0 flushing  nmethod 0x000001bc440f2610
Event: 45.619 Thread 0x000001bc4064d4d0 flushing  nmethod 0x000001bc440f3f10
Event: 45.619 Thread 0x000001bc4064d4d0 flushing  nmethod 0x000001bc440f4510
Event: 45.619 Thread 0x000001bc4064d4d0 flushing  nmethod 0x000001bc440f8610
Event: 45.619 Thread 0x000001bc4064d4d0 flushing  nmethod 0x000001bc440fb410
Event: 45.619 Thread 0x000001bc4064d4d0 flushing  nmethod 0x000001bc44107410
Event: 45.619 Thread 0x000001bc4064d4d0 flushing  nmethod 0x000001bc4410bb90
Event: 45.619 Thread 0x000001bc4064d4d0 flushing  nmethod 0x000001bc44164c10
Event: 45.619 Thread 0x000001bc4064d4d0 flushing  nmethod 0x000001bc44166210
Event: 45.619 Thread 0x000001bc4064d4d0 flushing  nmethod 0x000001bc44167690
Event: 45.619 Thread 0x000001bc4064d4d0 flushing  nmethod 0x000001bc44167a90
Event: 45.619 Thread 0x000001bc4064d4d0 flushing  nmethod 0x000001bc44167f10
Event: 45.619 Thread 0x000001bc4064d4d0 flushing  nmethod 0x000001bc44174090
Event: 45.619 Thread 0x000001bc4064d4d0 flushing  nmethod 0x000001bc44174c10
Event: 45.619 Thread 0x000001bc4064d4d0 flushing  nmethod 0x000001bc441a7b10
Event: 45.619 Thread 0x000001bc4064d4d0 flushing  nmethod 0x000001bc441ae010

Events (20 events):
Event: 172.183 Thread 0x000001bca0021260 Thread exited: 0x000001bca0021260
Event: 182.457 Thread 0x000001bc9d852d70 Thread exited: 0x000001bc9d852d70
Event: 182.457 Thread 0x000001bc9d8547b0 Thread exited: 0x000001bc9d8547b0
Event: 184.482 Thread 0x000001bca0022ca0 Thread exited: 0x000001bca0022ca0
Event: 184.514 Thread 0x000001bc9d853a90 Thread exited: 0x000001bc9d853a90
Event: 186.371 Thread 0x000001bca0026e40 Thread exited: 0x000001bca0026e40
Event: 232.189 Thread 0x000001bca0024050 Thread exited: 0x000001bca0024050
Event: 273.492 Thread 0x000001bca0a3c2c0 Thread exited: 0x000001bca0a3c2c0
Event: 292.208 Thread 0x000001bca0020540 Thread exited: 0x000001bca0020540
Event: 333.497 Thread 0x000001bca0a37400 Thread exited: 0x000001bca0a37400
Event: 338.722 Thread 0x000001bc9d854120 Thread added: 0x000001bca0a3af10
Event: 343.109 Thread 0x000001bc9d854120 Thread added: 0x000001bca0a35330
Event: 343.401 Thread 0x000001bc9d854120 Thread added: 0x000001bca0a39b60
Event: 343.470 Thread 0x000001bca0a39b60 Thread exited: 0x000001bca0a39b60
Event: 351.910 Thread 0x000001bca0025400 Thread exited: 0x000001bca0025400
Event: 352.747 Thread 0x000001bca0024d70 Thread exited: 0x000001bca0024d70
Event: 365.443 Thread 0x000001bca0025a90 Thread exited: 0x000001bca0025a90
Event: 365.476 Thread 0x000001bca0021f80 Thread exited: 0x000001bca0021f80
Event: 393.500 Thread 0x000001bca0a38120 Thread exited: 0x000001bca0a38120
Event: 423.991 Thread 0x000001bca001feb0 Thread added: 0x000001bca0a3b5a0


Dynamic libraries:
0x00007ff65eca0000 - 0x00007ff65ecae000 	c:\Users\john regienald\.cursor\extensions\redhat.java-1.43.0-win32-x64\jre\21.0.7-win32-x86_64\bin\java.exe
0x00007ffd37450000 - 0x00007ffd37667000 	C:\Windows\SYSTEM32\ntdll.dll
0x00007ffd36c20000 - 0x00007ffd36ce4000 	C:\Windows\System32\KERNEL32.DLL
0x00007ffd346b0000 - 0x00007ffd34a82000 	C:\Windows\System32\KERNELBASE.dll
0x00007ffd34fc0000 - 0x00007ffd350d1000 	C:\Windows\System32\ucrtbase.dll
0x00007ffd204c0000 - 0x00007ffd204d8000 	c:\Users\john regienald\.cursor\extensions\redhat.java-1.43.0-win32-x64\jre\21.0.7-win32-x86_64\bin\jli.dll
0x00007ffd36e90000 - 0x00007ffd37041000 	C:\Windows\System32\USER32.dll
0x00007ffd34a90000 - 0x00007ffd34ab6000 	C:\Windows\System32\win32u.dll
0x00007ffd36880000 - 0x00007ffd368a9000 	C:\Windows\System32\GDI32.dll
0x00007ffd34c00000 - 0x00007ffd34d23000 	C:\Windows\System32\gdi32full.dll
0x00007ffd34e20000 - 0x00007ffd34eba000 	C:\Windows\System32\msvcp_win.dll
0x00007ffd1f690000 - 0x00007ffd1f6ae000 	c:\Users\john regienald\.cursor\extensions\redhat.java-1.43.0-win32-x64\jre\21.0.7-win32-x86_64\bin\VCRUNTIME140.dll
0x00007ffd24d60000 - 0x00007ffd24ffb000 	C:\Windows\WinSxS\amd64_microsoft.windows.common-controls_6595b64144ccf1df_6.0.22621.5413_none_270da5617387a498\COMCTL32.dll
0x00007ffd35c00000 - 0x00007ffd35ca7000 	C:\Windows\System32\msvcrt.dll
0x00007ffd370d0000 - 0x00007ffd37101000 	C:\Windows\System32\IMM32.DLL
0x00007ffd308f0000 - 0x00007ffd308fc000 	c:\Users\john regienald\.cursor\extensions\redhat.java-1.43.0-win32-x64\jre\21.0.7-win32-x86_64\bin\vcruntime140_1.dll
0x00007ffd0e1f0000 - 0x00007ffd0e27d000 	c:\Users\john regienald\.cursor\extensions\redhat.java-1.43.0-win32-x64\jre\21.0.7-win32-x86_64\bin\msvcp140.dll
0x00007ffcb98c0000 - 0x00007ffcba650000 	c:\Users\john regienald\.cursor\extensions\redhat.java-1.43.0-win32-x64\jre\21.0.7-win32-x86_64\bin\server\jvm.dll
0x00007ffd36b60000 - 0x00007ffd36c11000 	C:\Windows\System32\ADVAPI32.dll
0x00007ffd36990000 - 0x00007ffd36a38000 	C:\Windows\System32\sechost.dll
0x00007ffd34df0000 - 0x00007ffd34e18000 	C:\Windows\System32\bcrypt.dll
0x00007ffd36a40000 - 0x00007ffd36b54000 	C:\Windows\System32\RPCRT4.dll
0x00007ffd37050000 - 0x00007ffd370c1000 	C:\Windows\System32\WS2_32.dll
0x00007ffd33a90000 - 0x00007ffd33add000 	C:\Windows\SYSTEM32\POWRPROF.dll
0x00007ffd26160000 - 0x00007ffd26194000 	C:\Windows\SYSTEM32\WINMM.dll
0x00007ffd2fbe0000 - 0x00007ffd2fbea000 	C:\Windows\SYSTEM32\VERSION.dll
0x00007ffd339c0000 - 0x00007ffd339d3000 	C:\Windows\SYSTEM32\UMPDC.dll
0x00007ffd335b0000 - 0x00007ffd335c8000 	C:\Windows\SYSTEM32\kernel.appcore.dll
0x00007ffd30250000 - 0x00007ffd3025a000 	c:\Users\john regienald\.cursor\extensions\redhat.java-1.43.0-win32-x64\jre\21.0.7-win32-x86_64\bin\jimage.dll
0x00007ffd31e60000 - 0x00007ffd32092000 	C:\Windows\SYSTEM32\DBGHELP.DLL
0x00007ffd36310000 - 0x00007ffd366a3000 	C:\Windows\System32\combase.dll
0x00007ffd37180000 - 0x00007ffd37257000 	C:\Windows\System32\OLEAUT32.dll
0x00007ffd308b0000 - 0x00007ffd308e2000 	C:\Windows\SYSTEM32\dbgcore.DLL
0x00007ffd34ec0000 - 0x00007ffd34f3b000 	C:\Windows\System32\bcryptPrimitives.dll
0x00007ffd26320000 - 0x00007ffd2632f000 	c:\Users\john regienald\.cursor\extensions\redhat.java-1.43.0-win32-x64\jre\21.0.7-win32-x86_64\bin\instrument.dll
0x00007ffd1f1f0000 - 0x00007ffd1f20f000 	c:\Users\john regienald\.cursor\extensions\redhat.java-1.43.0-win32-x64\jre\21.0.7-win32-x86_64\bin\java.dll
0x00007ffd351f0000 - 0x00007ffd35a92000 	C:\Windows\System32\SHELL32.dll
0x00007ffd34ac0000 - 0x00007ffd34bff000 	C:\Windows\System32\wintypes.dll
0x00007ffd32420000 - 0x00007ffd32d3d000 	C:\Windows\SYSTEM32\windows.storage.dll
0x00007ffd37300000 - 0x00007ffd3740b000 	C:\Windows\System32\SHCORE.dll
0x00007ffd37110000 - 0x00007ffd37179000 	C:\Windows\System32\shlwapi.dll
0x00007ffd34470000 - 0x00007ffd3449b000 	C:\Windows\SYSTEM32\profapi.dll
0x00007ffd1e4f0000 - 0x00007ffd1e508000 	c:\Users\john regienald\.cursor\extensions\redhat.java-1.43.0-win32-x64\jre\21.0.7-win32-x86_64\bin\zip.dll
0x00007ffd262f0000 - 0x00007ffd26300000 	C:\Users\john regienald\.cursor\extensions\redhat.java-1.43.0-win32-x64\jre\21.0.7-win32-x86_64\bin\net.dll
0x00007ffd26f90000 - 0x00007ffd270bc000 	C:\Windows\SYSTEM32\WINHTTP.dll
0x00007ffd33ae0000 - 0x00007ffd33b49000 	C:\Windows\system32\mswsock.dll
0x00007ffd0e2c0000 - 0x00007ffd0e2d6000 	C:\Users\john regienald\.cursor\extensions\redhat.java-1.43.0-win32-x64\jre\21.0.7-win32-x86_64\bin\nio.dll
0x00007ffd262d0000 - 0x00007ffd262e0000 	c:\Users\john regienald\.cursor\extensions\redhat.java-1.43.0-win32-x64\jre\21.0.7-win32-x86_64\bin\verify.dll
0x00007ffcf9ce0000 - 0x00007ffcf9d25000 	C:\Users\john regienald\AppData\Roaming\Cursor\User\globalStorage\redhat.java\1.43.0\config_win\org.eclipse.equinox.launcher\org.eclipse.equinox.launcher.win32.win32.x86_64_1.2.1300.v20250331-1702\eclipse_11911.dll
0x00007ffd36cf0000 - 0x00007ffd36e90000 	C:\Windows\System32\ole32.dll
0x00007ffd33d30000 - 0x00007ffd33d4b000 	C:\Windows\SYSTEM32\CRYPTSP.dll
0x00007ffd33510000 - 0x00007ffd33547000 	C:\Windows\system32\rsaenh.dll
0x00007ffd33bd0000 - 0x00007ffd33bf8000 	C:\Windows\SYSTEM32\USERENV.dll
0x00007ffd33d50000 - 0x00007ffd33d5c000 	C:\Windows\SYSTEM32\CRYPTBASE.dll
0x00007ffd33030000 - 0x00007ffd3305d000 	C:\Windows\SYSTEM32\IPHLPAPI.DLL
0x00007ffd361a0000 - 0x00007ffd361a9000 	C:\Windows\System32\NSI.dll
0x00007ffcf89b0000 - 0x00007ffcf89f9000 	C:\Users\john regienald\AppData\Local\Temp\jna--1742405050\jna5702802284862302741.dll
0x00007ffd372e0000 - 0x00007ffd372e8000 	C:\Windows\System32\PSAPI.DLL
0x00007ffd26090000 - 0x00007ffd260a9000 	C:\Windows\SYSTEM32\dhcpcsvc6.DLL
0x00007ffd26070000 - 0x00007ffd2608f000 	C:\Windows\SYSTEM32\dhcpcsvc.DLL
0x00007ffd302d0000 - 0x00007ffd302de000 	C:\Users\john regienald\.cursor\extensions\redhat.java-1.43.0-win32-x64\jre\21.0.7-win32-x86_64\bin\sunmscapi.dll
0x00007ffd34540000 - 0x00007ffd346a7000 	C:\Windows\System32\CRYPT32.dll
0x00007ffd33ef0000 - 0x00007ffd33f1d000 	C:\Windows\SYSTEM32\ncrypt.dll
0x00007ffd33eb0000 - 0x00007ffd33ee7000 	C:\Windows\SYSTEM32\NTASN1.dll
0x00007ffd33060000 - 0x00007ffd33158000 	C:\Windows\SYSTEM32\DNSAPI.dll
0x000000005d6b0000 - 0x000000005d6d6000 	C:\Program Files\Bonjour\mdnsNSP.dll
0x00007ffd30590000 - 0x00007ffd3059a000 	C:\Windows\System32\rasadhlp.dll
0x00007ffd303a0000 - 0x00007ffd30424000 	C:\Windows\System32\fwpuclnt.dll
0x00007ffd26210000 - 0x00007ffd26219000 	C:\Users\john regienald\.cursor\extensions\redhat.java-1.43.0-win32-x64\jre\21.0.7-win32-x86_64\bin\extnet.dll

dbghelp: loaded successfully - version: 4.0.5 - missing functions: none
symbol engine: initialized successfully - sym options: 0x614 - pdb path: .;c:\Users\john regienald\.cursor\extensions\redhat.java-1.43.0-win32-x64\jre\21.0.7-win32-x86_64\bin;C:\Windows\SYSTEM32;C:\Windows\WinSxS\amd64_microsoft.windows.common-controls_6595b64144ccf1df_6.0.22621.5413_none_270da5617387a498;c:\Users\john regienald\.cursor\extensions\redhat.java-1.43.0-win32-x64\jre\21.0.7-win32-x86_64\bin\server;C:\Users\john regienald\AppData\Roaming\Cursor\User\globalStorage\redhat.java\1.43.0\config_win\org.eclipse.equinox.launcher\org.eclipse.equinox.launcher.win32.win32.x86_64_1.2.1300.v20250331-1702;C:\Users\john regienald\AppData\Local\Temp\jna--1742405050;C:\Program Files\Bonjour

VM Arguments:
jvm_args: --add-modules=ALL-SYSTEM --add-opens=java.base/java.util=ALL-UNNAMED --add-opens=java.base/java.lang=ALL-UNNAMED --add-opens=java.base/sun.nio.fs=ALL-UNNAMED -Declipse.application=org.eclipse.jdt.ls.core.id1 -Dosgi.bundles.defaultStartLevel=4 -Declipse.product=org.eclipse.jdt.ls.core.product -Djava.import.generatesMetadataFilesAtProjectRoot=false -DDetectVMInstallationsJob.disabled=true -Dfile.encoding=utf8 -XX:+UseParallelGC -XX:GCTimeRatio=4 -XX:AdaptiveSizePolicyWeight=90 -Dsun.zip.disableMemoryMapping=true -Xmx2G -Xms100m -Xlog:disable -javaagent:c:\Users\john regienald\.cursor\extensions\redhat.java-1.43.0-win32-x64\lombok\lombok-1.18.39-4050.jar -XX:+HeapDumpOnOutOfMemoryError -XX:HeapDumpPath=c:\Users\john regienald\AppData\Roaming\Cursor\User\workspaceStorage\05ca6781f81e53cf2cab759ba25f8483\redhat.java -Daether.dependencyCollector.impl=bf 
java_command: c:\Users\john regienald\.cursor\extensions\redhat.java-1.43.0-win32-x64\server\plugins\org.eclipse.equinox.launcher_1.7.0.v20250519-0528.jar -configuration c:\Users\john regienald\AppData\Roaming\Cursor\User\globalStorage\redhat.java\1.43.0\config_win -data c:\Users\john regienald\AppData\Roaming\Cursor\User\workspaceStorage\05ca6781f81e53cf2cab759ba25f8483\redhat.java\jdt_ws --pipe=\\.\pipe\lsp-d35927ecc42f55a3b9eb91b778335794-sock
java_class_path (initial): c:\Users\john regienald\.cursor\extensions\redhat.java-1.43.0-win32-x64\server\plugins\org.eclipse.equinox.launcher_1.7.0.v20250519-0528.jar
Launcher Type: SUN_STANDARD

[Global flags]
    uintx AdaptiveSizePolicyWeight                 = 90                                        {product} {command line}
     intx CICompilerCount                          = 3                                         {product} {ergonomic}
    uintx GCTimeRatio                              = 4                                         {product} {command line}
     bool HeapDumpOnOutOfMemoryError               = true                                   {manageable} {command line}
    ccstr HeapDumpPath                             = c:\Users\john regienald\AppData\Roaming\Cursor\User\workspaceStorage\05ca6781f81e53cf2cab759ba25f8483\redhat.java         {manageable} {command line}
   size_t InitialHeapSize                          = 104857600                                 {product} {command line}
   size_t MaxHeapSize                              = 2147483648                                {product} {command line}
   size_t MaxNewSize                               = 715653120                                 {product} {ergonomic}
   size_t MinHeapDeltaBytes                        = 524288                                    {product} {ergonomic}
   size_t MinHeapSize                              = 104857600                                 {product} {command line}
   size_t NewSize                                  = 34603008                                  {product} {ergonomic}
    uintx NonNMethodCodeHeapSize                   = 5832780                                {pd product} {ergonomic}
    uintx NonProfiledCodeHeapSize                  = 122912730                              {pd product} {ergonomic}
   size_t OldSize                                  = 70254592                                  {product} {ergonomic}
    uintx ProfiledCodeHeapSize                     = 122912730                              {pd product} {ergonomic}
    uintx ReservedCodeCacheSize                    = 251658240                              {pd product} {ergonomic}
     bool SegmentedCodeCache                       = true                                      {product} {ergonomic}
   size_t SoftMaxHeapSize                          = 2147483648                             {manageable} {ergonomic}
     bool UseCompressedOops                        = true                           {product lp64_product} {ergonomic}
     bool UseLargePagesIndividualAllocation        = false                                  {pd product} {ergonomic}
     bool UseParallelGC                            = true                                      {product} {command line}

Logging:
Log output configuration:
 #0: stdout all=off uptime,level,tags foldmultilines=false
 #1: stderr all=off uptime,level,tags foldmultilines=false

Environment Variables:
PATH=C:\Program Files\Common Files\Oracle\Java\javapath;C:\Windows\System32\HWAudioDriverLibs;C:\Windows\system32;C:\Windows;C:\Windows\System32\Wbem;C:\Windows\System32\WindowsPowerShell\v1.0\;C:\Windows\System32\OpenSSH\;C:\Users\Administrator\AppData\Local\Microsoft\WindowsApps;C:\Program Files\Git\cmd;C:\Program Files\MySQL\MySQL Router 9.3\bin;C:\Program Files\MySQL\MySQL Shell 8.0\bin\;C:\Users\john regienald\AppData\Local\Microsoft\WindowsApps;;C:\Program Files\JetBrains\PyCharm Community Edition 2023.2.1\bin;;C:\Users\john regienald\AppData\Local\Programs\Microsoft VS Code\bin;C:\Users\john regienald\AppData\Local\Programs\cursor\resources\app\bin
USERNAME=john regienald
OS=Windows_NT
PROCESSOR_IDENTIFIER=Intel64 Family 6 Model 140 Stepping 1, GenuineIntel
TMP=C:\Users\JOHNRE~1\AppData\Local\Temp
TEMP=C:\Users\JOHNRE~1\AppData\Local\Temp




Periodic native trim disabled

---------------  S Y S T E M  ---------------

OS:
 Windows 11 , 64 bit Build 22621 (10.0.22621.5413)
OS uptime: 3 days 20:50 hours
Hyper-V role detected

CPU: total 4 (initial active 4) (2 cores per cpu, 2 threads per core) family 6 model 140 stepping 1 microcode 0xa6, cx8, cmov, fxsr, ht, mmx, 3dnowpref, sse, sse2, sse3, ssse3, sse4.1, sse4.2, popcnt, lzcnt, tsc, tscinvbit, avx, avx2, aes, erms, clmul, bmi1, bmi2, adx, avx512f, avx512dq, avx512cd, avx512bw, avx512vl, sha, fma, vzeroupper, avx512_vpopcntdq, avx512_vpclmulqdq, avx512_vaes, avx512_vnni, clflush, clflushopt, clwb, avx512_vbmi2, avx512_vbmi, hv, rdtscp, rdpid, fsrm, gfni, avx512_bitalg, f16c, cet_ibt, cet_ss, avx512_ifma
Processor Information for processor 0
  Max Mhz: 2995, Current Mhz: 998, Mhz Limit: 2995
Processor Information for processor 1
  Max Mhz: 2995, Current Mhz: 2995, Mhz Limit: 2995
Processor Information for processor 2
  Max Mhz: 2995, Current Mhz: 2995, Mhz Limit: 2995
Processor Information for processor 3
  Max Mhz: 2995, Current Mhz: 2995, Mhz Limit: 2995

Memory: 4k page, system-wide physical 7975M (375M free)
TotalPageFile size 21128M (AvailPageFile size 2M)
current process WorkingSet (physical memory assigned to process): 200M, peak: 600M
current process commit charge ("private bytes"): 1130M, peak: 1133M

vm_info: OpenJDK 64-Bit Server VM (21.0.7+6-LTS) for windows-amd64 JRE (21.0.7+6-LTS), built on 2025-04-15T00:00:00Z by "admin" with MS VC++ 17.7 (VS2022)

END.
